INFO - 2024-09-02 00:11:21 --> Session: Class initialized using 'CodeIgniter\Session\Handlers\FileHandler' driver.
INFO - 2024-09-02 00:11:48 --> Session: Class initialized using 'CodeIgniter\Session\Handlers\FileHandler' driver.
INFO - 2024-09-02 00:13:26 --> Session: Class initialized using 'CodeIgniter\Session\Handlers\FileHandler' driver.
CRITICAL - 2024-09-02 00:13:26 --> ErrorException: Trying to access array offset on value of type null
[Method: GET, Route: master-data/obat/show/1]
in APPPATH\Views\obat\show.php on line 56.
 1 APPPATH\Views\obat\show.php(56): CodeIgniter\Debug\Exceptions->errorHandler(2, 'Trying to access array offset on value of type null', 'D:\\Dev\\Projects\\sistem_rme_pendaftaran\\app\\Views\\obat\\show.php', 56)
 2 SYSTEMPATH\View\View.php(234): include('D:\\Dev\\Projects\\sistem_rme_pendaftaran\\app\\Views\\obat\\show.php')
 3 SYSTEMPATH\View\View.php(237): CodeIgniter\View\View->CodeIgniter\View\{closure}()
 4 SYSTEMPATH\Common.php(1169): CodeIgniter\View\View->render('obat/show', [], true)
 5 APPPATH\Controllers\ObatController.php(81): view('obat/show', [...])
 6 SYSTEMPATH\CodeIgniter.php(933): App\Controllers\ObatController->show('1')
 7 SYSTEMPATH\CodeIgniter.php(509): CodeIgniter\CodeIgniter->runController(Object(App\Controllers\ObatController))
 8 SYSTEMPATH\CodeIgniter.php(355): CodeIgniter\CodeIgniter->handleRequest(null, Object(Config\Cache), false)
 9 SYSTEMPATH\Boot.php(325): CodeIgniter\CodeIgniter->run()
10 SYSTEMPATH\Boot.php(67): CodeIgniter\Boot::runCodeIgniter(Object(CodeIgniter\CodeIgniter))
11 FCPATH\index.php(56): CodeIgniter\Boot::bootWeb(Object(Config\Paths))
12 SYSTEMPATH\rewrite.php(44): require_once('D:\\Dev\\Projects\\sistem_rme_pendaftaran\\public\\index.php')
INFO - 2024-09-02 00:13:28 --> Session: Class initialized using 'CodeIgniter\Session\Handlers\FileHandler' driver.
INFO - 2024-09-02 00:13:44 --> Session: Class initialized using 'CodeIgniter\Session\Handlers\FileHandler' driver.
CRITICAL - 2024-09-02 00:13:44 --> ErrorException: Trying to access array offset on value of type null
[Method: GET, Route: master-data/obat/show/1]
in APPPATH\Views\obat\show.php on line 56.
 1 APPPATH\Views\obat\show.php(56): CodeIgniter\Debug\Exceptions->errorHandler(2, 'Trying to access array offset on value of type null', 'D:\\Dev\\Projects\\sistem_rme_pendaftaran\\app\\Views\\obat\\show.php', 56)
 2 SYSTEMPATH\View\View.php(234): include('D:\\Dev\\Projects\\sistem_rme_pendaftaran\\app\\Views\\obat\\show.php')
 3 SYSTEMPATH\View\View.php(237): CodeIgniter\View\View->CodeIgniter\View\{closure}()
 4 SYSTEMPATH\Common.php(1169): CodeIgniter\View\View->render('obat/show', [], true)
 5 APPPATH\Controllers\ObatController.php(81): view('obat/show', [...])
 6 SYSTEMPATH\CodeIgniter.php(933): App\Controllers\ObatController->show('1')
 7 SYSTEMPATH\CodeIgniter.php(509): CodeIgniter\CodeIgniter->runController(Object(App\Controllers\ObatController))
 8 SYSTEMPATH\CodeIgniter.php(355): CodeIgniter\CodeIgniter->handleRequest(null, Object(Config\Cache), false)
 9 SYSTEMPATH\Boot.php(325): CodeIgniter\CodeIgniter->run()
10 SYSTEMPATH\Boot.php(67): CodeIgniter\Boot::runCodeIgniter(Object(CodeIgniter\CodeIgniter))
11 FCPATH\index.php(56): CodeIgniter\Boot::bootWeb(Object(Config\Paths))
12 SYSTEMPATH\rewrite.php(44): require_once('D:\\Dev\\Projects\\sistem_rme_pendaftaran\\public\\index.php')
INFO - 2024-09-02 00:13:48 --> Session: Class initialized using 'CodeIgniter\Session\Handlers\FileHandler' driver.
CRITICAL - 2024-09-02 00:13:48 --> ErrorException: Trying to access array offset on value of type null
[Method: GET, Route: master-data/obat/show/1]
in APPPATH\Views\obat\show.php on line 56.
 1 APPPATH\Views\obat\show.php(56): CodeIgniter\Debug\Exceptions->errorHandler(2, 'Trying to access array offset on value of type null', 'D:\\Dev\\Projects\\sistem_rme_pendaftaran\\app\\Views\\obat\\show.php', 56)
 2 SYSTEMPATH\View\View.php(234): include('D:\\Dev\\Projects\\sistem_rme_pendaftaran\\app\\Views\\obat\\show.php')
 3 SYSTEMPATH\View\View.php(237): CodeIgniter\View\View->CodeIgniter\View\{closure}()
 4 SYSTEMPATH\Common.php(1169): CodeIgniter\View\View->render('obat/show', [], true)
 5 APPPATH\Controllers\ObatController.php(81): view('obat/show', [...])
 6 SYSTEMPATH\CodeIgniter.php(933): App\Controllers\ObatController->show('1')
 7 SYSTEMPATH\CodeIgniter.php(509): CodeIgniter\CodeIgniter->runController(Object(App\Controllers\ObatController))
 8 SYSTEMPATH\CodeIgniter.php(355): CodeIgniter\CodeIgniter->handleRequest(null, Object(Config\Cache), false)
 9 SYSTEMPATH\Boot.php(325): CodeIgniter\CodeIgniter->run()
10 SYSTEMPATH\Boot.php(67): CodeIgniter\Boot::runCodeIgniter(Object(CodeIgniter\CodeIgniter))
11 FCPATH\index.php(56): CodeIgniter\Boot::bootWeb(Object(Config\Paths))
12 SYSTEMPATH\rewrite.php(44): require_once('D:\\Dev\\Projects\\sistem_rme_pendaftaran\\public\\index.php')
INFO - 2024-09-02 00:13:52 --> Session: Class initialized using 'CodeIgniter\Session\Handlers\FileHandler' driver.
INFO - 2024-09-02 00:15:11 --> Session: Class initialized using 'CodeIgniter\Session\Handlers\FileHandler' driver.
INFO - 2024-09-02 00:15:51 --> Session: Class initialized using 'CodeIgniter\Session\Handlers\FileHandler' driver.
CRITICAL - 2024-09-02 00:15:51 --> ErrorException: Undefined variable $pasien
[Method: GET, Route: pendaftaran/show/1]
in APPPATH\Views\pendaftaran\show.php on line 237.
 1 APPPATH\Views\pendaftaran\show.php(237): CodeIgniter\Debug\Exceptions->errorHandler(2, 'Undefined variable $pasien', 'D:\\Dev\\Projects\\sistem_rme_pendaftaran\\app\\Views\\pendaftaran\\show.php', 237)
 2 SYSTEMPATH\View\View.php(234): include('D:\\Dev\\Projects\\sistem_rme_pendaftaran\\app\\Views\\pendaftaran\\show.php')
 3 SYSTEMPATH\View\View.php(237): CodeIgniter\View\View->CodeIgniter\View\{closure}()
 4 SYSTEMPATH\Common.php(1169): CodeIgniter\View\View->render('pendaftaran/show', [], true)
 5 APPPATH\Controllers\PendaftaranController.php(131): view('pendaftaran/show', [...])
 6 SYSTEMPATH\CodeIgniter.php(933): App\Controllers\PendaftaranController->show('1')
 7 SYSTEMPATH\CodeIgniter.php(509): CodeIgniter\CodeIgniter->runController(Object(App\Controllers\PendaftaranController))
 8 SYSTEMPATH\CodeIgniter.php(355): CodeIgniter\CodeIgniter->handleRequest(null, Object(Config\Cache), false)
 9 SYSTEMPATH\Boot.php(325): CodeIgniter\CodeIgniter->run()
10 SYSTEMPATH\Boot.php(67): CodeIgniter\Boot::runCodeIgniter(Object(CodeIgniter\CodeIgniter))
11 FCPATH\index.php(56): CodeIgniter\Boot::bootWeb(Object(Config\Paths))
12 SYSTEMPATH\rewrite.php(44): require_once('D:\\Dev\\Projects\\sistem_rme_pendaftaran\\public\\index.php')
INFO - 2024-09-02 00:15:59 --> Session: Class initialized using 'CodeIgniter\Session\Handlers\FileHandler' driver.
CRITICAL - 2024-09-02 00:15:59 --> ErrorException: Undefined variable $data
[Method: GET, Route: pendaftaran/show/1]
in APPPATH\Views\pendaftaran\show.php on line 411.
 1 APPPATH\Views\pendaftaran\show.php(411): CodeIgniter\Debug\Exceptions->errorHandler(2, 'Undefined variable $data', 'D:\\Dev\\Projects\\sistem_rme_pendaftaran\\app\\Views\\pendaftaran\\show.php', 411)
 2 SYSTEMPATH\View\View.php(234): include('D:\\Dev\\Projects\\sistem_rme_pendaftaran\\app\\Views\\pendaftaran\\show.php')
 3 SYSTEMPATH\View\View.php(237): CodeIgniter\View\View->CodeIgniter\View\{closure}()
 4 SYSTEMPATH\Common.php(1169): CodeIgniter\View\View->render('pendaftaran/show', [], true)
 5 APPPATH\Controllers\PendaftaranController.php(131): view('pendaftaran/show', [...])
 6 SYSTEMPATH\CodeIgniter.php(933): App\Controllers\PendaftaranController->show('1')
 7 SYSTEMPATH\CodeIgniter.php(509): CodeIgniter\CodeIgniter->runController(Object(App\Controllers\PendaftaranController))
 8 SYSTEMPATH\CodeIgniter.php(355): CodeIgniter\CodeIgniter->handleRequest(null, Object(Config\Cache), false)
 9 SYSTEMPATH\Boot.php(325): CodeIgniter\CodeIgniter->run()
10 SYSTEMPATH\Boot.php(67): CodeIgniter\Boot::runCodeIgniter(Object(CodeIgniter\CodeIgniter))
11 FCPATH\index.php(56): CodeIgniter\Boot::bootWeb(Object(Config\Paths))
12 SYSTEMPATH\rewrite.php(44): require_once('D:\\Dev\\Projects\\sistem_rme_pendaftaran\\public\\index.php')
INFO - 2024-09-02 00:17:27 --> Session: Class initialized using 'CodeIgniter\Session\Handlers\FileHandler' driver.
CRITICAL - 2024-09-02 00:17:27 --> ErrorException: Undefined array key "alamat"
[Method: GET, Route: pendaftaran/show/1]
in APPPATH\Views\pendaftaran\show.php on line 84.
 1 APPPATH\Views\pendaftaran\show.php(84): CodeIgniter\Debug\Exceptions->errorHandler(2, 'Undefined array key "alamat"', 'D:\\Dev\\Projects\\sistem_rme_pendaftaran\\app\\Views\\pendaftaran\\show.php', 84)
 2 SYSTEMPATH\View\View.php(234): include('D:\\Dev\\Projects\\sistem_rme_pendaftaran\\app\\Views\\pendaftaran\\show.php')
 3 SYSTEMPATH\View\View.php(237): CodeIgniter\View\View->CodeIgniter\View\{closure}()
 4 SYSTEMPATH\Common.php(1169): CodeIgniter\View\View->render('pendaftaran/show', [], true)
 5 APPPATH\Controllers\PendaftaranController.php(131): view('pendaftaran/show', [...])
 6 SYSTEMPATH\CodeIgniter.php(933): App\Controllers\PendaftaranController->show('1')
 7 SYSTEMPATH\CodeIgniter.php(509): CodeIgniter\CodeIgniter->runController(Object(App\Controllers\PendaftaranController))
 8 SYSTEMPATH\CodeIgniter.php(355): CodeIgniter\CodeIgniter->handleRequest(null, Object(Config\Cache), false)
 9 SYSTEMPATH\Boot.php(325): CodeIgniter\CodeIgniter->run()
10 SYSTEMPATH\Boot.php(67): CodeIgniter\Boot::runCodeIgniter(Object(CodeIgniter\CodeIgniter))
11 FCPATH\index.php(56): CodeIgniter\Boot::bootWeb(Object(Config\Paths))
12 SYSTEMPATH\rewrite.php(44): require_once('D:\\Dev\\Projects\\sistem_rme_pendaftaran\\public\\index.php')
INFO - 2024-09-02 00:17:45 --> Session: Class initialized using 'CodeIgniter\Session\Handlers\FileHandler' driver.
INFO - 2024-09-02 00:18:38 --> Session: Class initialized using 'CodeIgniter\Session\Handlers\FileHandler' driver.
INFO - 2024-09-02 00:22:25 --> Session: Class initialized using 'CodeIgniter\Session\Handlers\FileHandler' driver.
INFO - 2024-09-02 00:27:42 --> Session: Class initialized using 'CodeIgniter\Session\Handlers\FileHandler' driver.
INFO - 2024-09-02 00:28:04 --> Session: Class initialized using 'CodeIgniter\Session\Handlers\FileHandler' driver.
CRITICAL - 2024-09-02 00:28:04 --> ErrorException: Undefined array key "ket_wilayah"
[Method: GET, Route: pendaftaran/edit/1]
in APPPATH\Views\pendaftaran\edit.php on line 568.
 1 APPPATH\Views\pendaftaran\edit.php(568): CodeIgniter\Debug\Exceptions->errorHandler(2, 'Undefined array key "ket_wilayah"', 'D:\\Dev\\Projects\\sistem_rme_pendaftaran\\app\\Views\\pendaftaran\\edit.php', 568)
 2 SYSTEMPATH\View\View.php(234): include('D:\\Dev\\Projects\\sistem_rme_pendaftaran\\app\\Views\\pendaftaran\\edit.php')
 3 SYSTEMPATH\View\View.php(237): CodeIgniter\View\View->CodeIgniter\View\{closure}()
 4 SYSTEMPATH\Common.php(1169): CodeIgniter\View\View->render('pendaftaran/edit', [], true)
 5 APPPATH\Controllers\PendaftaranController.php(136): view('pendaftaran/edit', [...])
 6 SYSTEMPATH\CodeIgniter.php(933): App\Controllers\PendaftaranController->edit('1')
 7 SYSTEMPATH\CodeIgniter.php(509): CodeIgniter\CodeIgniter->runController(Object(App\Controllers\PendaftaranController))
 8 SYSTEMPATH\CodeIgniter.php(355): CodeIgniter\CodeIgniter->handleRequest(null, Object(Config\Cache), false)
 9 SYSTEMPATH\Boot.php(325): CodeIgniter\CodeIgniter->run()
10 SYSTEMPATH\Boot.php(67): CodeIgniter\Boot::runCodeIgniter(Object(CodeIgniter\CodeIgniter))
11 FCPATH\index.php(56): CodeIgniter\Boot::bootWeb(Object(Config\Paths))
12 SYSTEMPATH\rewrite.php(44): require_once('D:\\Dev\\Projects\\sistem_rme_pendaftaran\\public\\index.php')
INFO - 2024-09-02 00:28:22 --> Session: Class initialized using 'CodeIgniter\Session\Handlers\FileHandler' driver.
INFO - 2024-09-02 00:30:21 --> Session: Class initialized using 'CodeIgniter\Session\Handlers\FileHandler' driver.
INFO - 2024-09-02 00:31:15 --> Session: Class initialized using 'CodeIgniter\Session\Handlers\FileHandler' driver.
INFO - 2024-09-02 00:34:01 --> Session: Class initialized using 'CodeIgniter\Session\Handlers\FileHandler' driver.
INFO - 2024-09-02 00:34:01 --> Session: Class initialized using 'CodeIgniter\Session\Handlers\FileHandler' driver.
INFO - 2024-09-02 00:34:18 --> Session: Class initialized using 'CodeIgniter\Session\Handlers\FileHandler' driver.
INFO - 2024-09-02 00:34:34 --> Session: Class initialized using 'CodeIgniter\Session\Handlers\FileHandler' driver.
CRITICAL - 2024-09-02 00:34:34 --> ErrorException: Undefined variable $data
[Method: GET, Route: pendaftaran/edit/1]
in APPPATH\Views\pendaftaran\edit.php on line 245.
 1 APPPATH\Views\pendaftaran\edit.php(245): CodeIgniter\Debug\Exceptions->errorHandler(2, 'Undefined variable $data', 'D:\\Dev\\Projects\\sistem_rme_pendaftaran\\app\\Views\\pendaftaran\\edit.php', 245)
 2 SYSTEMPATH\View\View.php(234): include('D:\\Dev\\Projects\\sistem_rme_pendaftaran\\app\\Views\\pendaftaran\\edit.php')
 3 SYSTEMPATH\View\View.php(237): CodeIgniter\View\View->CodeIgniter\View\{closure}()
 4 SYSTEMPATH\Common.php(1169): CodeIgniter\View\View->render('pendaftaran/edit', [], true)
 5 APPPATH\Controllers\PendaftaranController.php(136): view('pendaftaran/edit', [...])
 6 SYSTEMPATH\CodeIgniter.php(933): App\Controllers\PendaftaranController->edit('1')
 7 SYSTEMPATH\CodeIgniter.php(509): CodeIgniter\CodeIgniter->runController(Object(App\Controllers\PendaftaranController))
 8 SYSTEMPATH\CodeIgniter.php(355): CodeIgniter\CodeIgniter->handleRequest(null, Object(Config\Cache), false)
 9 SYSTEMPATH\Boot.php(325): CodeIgniter\CodeIgniter->run()
10 SYSTEMPATH\Boot.php(67): CodeIgniter\Boot::runCodeIgniter(Object(CodeIgniter\CodeIgniter))
11 FCPATH\index.php(56): CodeIgniter\Boot::bootWeb(Object(Config\Paths))
12 SYSTEMPATH\rewrite.php(44): require_once('D:\\Dev\\Projects\\sistem_rme_pendaftaran\\public\\index.php')
INFO - 2024-09-02 00:34:43 --> Session: Class initialized using 'CodeIgniter\Session\Handlers\FileHandler' driver.
INFO - 2024-09-02 00:35:34 --> Session: Class initialized using 'CodeIgniter\Session\Handlers\FileHandler' driver.
INFO - 2024-09-02 00:36:22 --> Session: Class initialized using 'CodeIgniter\Session\Handlers\FileHandler' driver.
CRITICAL - 2024-09-02 00:36:22 --> ErrorException: Undefined variable $data
[Method: GET, Route: pendaftaran/edit/1]
in APPPATH\Views\pendaftaran\edit.php on line 245.
 1 APPPATH\Views\pendaftaran\edit.php(245): CodeIgniter\Debug\Exceptions->errorHandler(2, 'Undefined variable $data', 'D:\\Dev\\Projects\\sistem_rme_pendaftaran\\app\\Views\\pendaftaran\\edit.php', 245)
 2 SYSTEMPATH\View\View.php(234): include('D:\\Dev\\Projects\\sistem_rme_pendaftaran\\app\\Views\\pendaftaran\\edit.php')
 3 SYSTEMPATH\View\View.php(237): CodeIgniter\View\View->CodeIgniter\View\{closure}()
 4 SYSTEMPATH\Common.php(1169): CodeIgniter\View\View->render('pendaftaran/edit', [], true)
 5 APPPATH\Controllers\PendaftaranController.php(137): view('pendaftaran/edit', [...])
 6 SYSTEMPATH\CodeIgniter.php(933): App\Controllers\PendaftaranController->edit('1')
 7 SYSTEMPATH\CodeIgniter.php(509): CodeIgniter\CodeIgniter->runController(Object(App\Controllers\PendaftaranController))
 8 SYSTEMPATH\CodeIgniter.php(355): CodeIgniter\CodeIgniter->handleRequest(null, Object(Config\Cache), false)
 9 SYSTEMPATH\Boot.php(325): CodeIgniter\CodeIgniter->run()
10 SYSTEMPATH\Boot.php(67): CodeIgniter\Boot::runCodeIgniter(Object(CodeIgniter\CodeIgniter))
11 FCPATH\index.php(56): CodeIgniter\Boot::bootWeb(Object(Config\Paths))
12 SYSTEMPATH\rewrite.php(44): require_once('D:\\Dev\\Projects\\sistem_rme_pendaftaran\\public\\index.php')
INFO - 2024-09-02 00:36:30 --> Session: Class initialized using 'CodeIgniter\Session\Handlers\FileHandler' driver.
INFO - 2024-09-02 00:36:55 --> Session: Class initialized using 'CodeIgniter\Session\Handlers\FileHandler' driver.
INFO - 2024-09-02 00:37:23 --> Session: Class initialized using 'CodeIgniter\Session\Handlers\FileHandler' driver.
INFO - 2024-09-02 00:38:27 --> Session: Class initialized using 'CodeIgniter\Session\Handlers\FileHandler' driver.
INFO - 2024-09-02 00:38:27 --> Session: Class initialized using 'CodeIgniter\Session\Handlers\FileHandler' driver.
INFO - 2024-09-02 00:38:53 --> Session: Class initialized using 'CodeIgniter\Session\Handlers\FileHandler' driver.
INFO - 2024-09-02 00:39:32 --> Session: Class initialized using 'CodeIgniter\Session\Handlers\FileHandler' driver.
INFO - 2024-09-02 00:39:32 --> Session: Class initialized using 'CodeIgniter\Session\Handlers\FileHandler' driver.
INFO - 2024-09-02 00:40:02 --> Session: Class initialized using 'CodeIgniter\Session\Handlers\FileHandler' driver.
CRITICAL - 2024-09-02 00:40:02 --> ErrorException: Trying to access array offset on value of type null
[Method: GET, Route: master-data/obat/edit/1]
in APPPATH\Views\obat\edit.php on line 47.
 1 APPPATH\Views\obat\edit.php(47): CodeIgniter\Debug\Exceptions->errorHandler(2, 'Trying to access array offset on value of type null', 'D:\\Dev\\Projects\\sistem_rme_pendaftaran\\app\\Views\\obat\\edit.php', 47)
 2 SYSTEMPATH\View\View.php(234): include('D:\\Dev\\Projects\\sistem_rme_pendaftaran\\app\\Views\\obat\\edit.php')
 3 SYSTEMPATH\View\View.php(237): CodeIgniter\View\View->CodeIgniter\View\{closure}()
 4 SYSTEMPATH\Common.php(1169): CodeIgniter\View\View->render('obat/edit', [], true)
 5 APPPATH\Controllers\ObatController.php(87): view('obat/edit', [...])
 6 SYSTEMPATH\CodeIgniter.php(933): App\Controllers\ObatController->edit('1')
 7 SYSTEMPATH\CodeIgniter.php(509): CodeIgniter\CodeIgniter->runController(Object(App\Controllers\ObatController))
 8 SYSTEMPATH\CodeIgniter.php(355): CodeIgniter\CodeIgniter->handleRequest(null, Object(Config\Cache), false)
 9 SYSTEMPATH\Boot.php(325): CodeIgniter\CodeIgniter->run()
10 SYSTEMPATH\Boot.php(67): CodeIgniter\Boot::runCodeIgniter(Object(CodeIgniter\CodeIgniter))
11 FCPATH\index.php(56): CodeIgniter\Boot::bootWeb(Object(Config\Paths))
12 SYSTEMPATH\rewrite.php(44): require_once('D:\\Dev\\Projects\\sistem_rme_pendaftaran\\public\\index.php')
INFO - 2024-09-02 00:40:06 --> Session: Class initialized using 'CodeIgniter\Session\Handlers\FileHandler' driver.
INFO - 2024-09-02 00:40:23 --> Session: Class initialized using 'CodeIgniter\Session\Handlers\FileHandler' driver.
INFO - 2024-09-02 00:41:26 --> Session: Class initialized using 'CodeIgniter\Session\Handlers\FileHandler' driver.
INFO - 2024-09-02 00:42:00 --> Session: Class initialized using 'CodeIgniter\Session\Handlers\FileHandler' driver.
INFO - 2024-09-02 00:42:26 --> Session: Class initialized using 'CodeIgniter\Session\Handlers\FileHandler' driver.
INFO - 2024-09-02 00:42:42 --> Session: Class initialized using 'CodeIgniter\Session\Handlers\FileHandler' driver.
INFO - 2024-09-02 00:43:25 --> Session: Class initialized using 'CodeIgniter\Session\Handlers\FileHandler' driver.
