ERROR - 2024-08-27 11:17:07 --> Exception: CodeIgniter Vite package is installed, but not initialized. did you run "php spark vite:init" ? in D:\Dev\Projects\sistem_rme_pendaftaran\vendor\mihatori\codeignitervite\src\Decorator.php:16
Stack trace:
#0 D:\Dev\Projects\sistem_rme_pendaftaran\vendor\codeigniter4\framework\system\View\ViewDecoratorTrait.php(34): Mihatori\CodeigniterVite\Decorator::decorate('<@php\n\nnamespac...')
#1 D:\Dev\Projects\sistem_rme_pendaftaran\vendor\codeigniter4\framework\system\View\View.php(255): CodeIgniter\View\View->decorateOutput('<@php\n\nnamespac...')
#2 D:\Dev\Projects\sistem_rme_pendaftaran\vendor\codeigniter4\framework\system\Common.php(1169): CodeIgniter\View\View->render('CodeIgniter\\Com...', Array, true)
#3 D:\Dev\Projects\sistem_rme_pendaftaran\vendor\codeigniter4\framework\system\CLI\GeneratorTrait.php(347): view('CodeIgniter\\Com...', Array, Array)
#4 D:\Dev\Projects\sistem_rme_pendaftaran\vendor\codeigniter4\framework\system\CLI\GeneratorTrait.php(390): CodeIgniter\Commands\Generators\MigrationGenerator->renderTemplate(Array)
#5 D:\Dev\Projects\sistem_rme_pendaftaran\vendor\codeigniter4\framework\system\Commands\Generators\MigrationGenerator.php(121): CodeIgniter\Commands\Generators\MigrationGenerator->parseTemplate('App\\Database\\Mi...', Array, Array, Array)
#6 D:\Dev\Projects\sistem_rme_pendaftaran\vendor\codeigniter4\framework\system\CLI\GeneratorTrait.php(400): CodeIgniter\Commands\Generators\MigrationGenerator->prepare('App\\Database\\Mi...')
#7 D:\Dev\Projects\sistem_rme_pendaftaran\vendor\codeigniter4\framework\system\CLI\GeneratorTrait.php(135): CodeIgniter\Commands\Generators\MigrationGenerator->buildContent('App\\Database\\Mi...')
#8 D:\Dev\Projects\sistem_rme_pendaftaran\vendor\codeigniter4\framework\system\Commands\Generators\MigrationGenerator.php(95): CodeIgniter\Commands\Generators\MigrationGenerator->generateClass(Array)
#9 D:\Dev\Projects\sistem_rme_pendaftaran\vendor\codeigniter4\framework\system\CLI\Commands.php(70): CodeIgniter\Commands\Generators\MigrationGenerator->run(Array)
#10 D:\Dev\Projects\sistem_rme_pendaftaran\vendor\codeigniter4\framework\system\CLI\Console.php(48): CodeIgniter\CLI\Commands->run('make:migration', Array)
#11 D:\Dev\Projects\sistem_rme_pendaftaran\vendor\codeigniter4\framework\system\Boot.php(351): CodeIgniter\CLI\Console->run()
#12 D:\Dev\Projects\sistem_rme_pendaftaran\vendor\codeigniter4\framework\system\Boot.php(104): CodeIgniter\Boot::runCommand(Object(CodeIgniter\CLI\Console))
#13 D:\Dev\Projects\sistem_rme_pendaftaran\spark(84): CodeIgniter\Boot::bootSpark(Object(Config\Paths))
#14 {main}
CRITICAL - 2024-08-27 11:17:11 --> Exception: CodeIgniter Vite package is installed, but not initialized. did you run "php spark vite:init" ?
[Method: CLI, Route: make:migration/create_kunjungan_table]
in VENDORPATH\mihatori\codeignitervite\src\Decorator.php on line 16.
 1 SYSTEMPATH\View\ViewDecoratorTrait.php(34): Mihatori\CodeigniterVite\Decorator::decorate('<@php

namespace {namespace};

use CodeIgniter\\Database\\Migration;

class {class} extends Migration
{
    public function up()
    {
        //
    }

    public function down()
    {
        //
    }
}
')
 2 SYSTEMPATH\View\View.php(255): CodeIgniter\View\View->decorateOutput('<@php

namespace {namespace};

use CodeIgniter\\Database\\Migration;

class {class} extends Migration
{
    public function up()
    {
        //
    }

    public function down()
    {
        //
    }
}
')
 3 SYSTEMPATH\Common.php(1169): CodeIgniter\View\View->render('CodeIgniter\\Commands\\Generators\\Views\\migration.tpl.php', [...], true)
 4 SYSTEMPATH\CLI\GeneratorTrait.php(354): view('CodeIgniter\\Commands\\Generators\\Views\\migration.tpl.php', [...], [...])
 5 SYSTEMPATH\CLI\GeneratorTrait.php(390): CodeIgniter\Commands\Generators\MigrationGenerator->renderTemplate([...])
 6 SYSTEMPATH\Commands\Generators\MigrationGenerator.php(121): CodeIgniter\Commands\Generators\MigrationGenerator->parseTemplate('App\\Database\\Migrations\\CreateKunjunganTable', [...], [...], [...])
 7 SYSTEMPATH\CLI\GeneratorTrait.php(400): CodeIgniter\Commands\Generators\MigrationGenerator->prepare('App\\Database\\Migrations\\CreateKunjunganTable')
 8 SYSTEMPATH\CLI\GeneratorTrait.php(135): CodeIgniter\Commands\Generators\MigrationGenerator->buildContent('App\\Database\\Migrations\\CreateKunjunganTable')
 9 SYSTEMPATH\Commands\Generators\MigrationGenerator.php(95): CodeIgniter\Commands\Generators\MigrationGenerator->generateClass([...])
10 SYSTEMPATH\CLI\Commands.php(70): CodeIgniter\Commands\Generators\MigrationGenerator->run([...])
11 SYSTEMPATH\CLI\Console.php(48): CodeIgniter\CLI\Commands->run('make:migration', [...])
12 SYSTEMPATH\Boot.php(351): CodeIgniter\CLI\Console->run()
13 SYSTEMPATH\Boot.php(104): CodeIgniter\Boot::runCommand(Object(CodeIgniter\CLI\Console))
14 ROOTPATH\spark(84): CodeIgniter\Boot::bootSpark(Object(Config\Paths))
INFO - 2024-08-27 11:18:28 --> Session: Class initialized using 'CodeIgniter\Session\Handlers\FileHandler' driver.
INFO - 2024-08-27 11:18:29 --> Session: Class initialized using 'CodeIgniter\Session\Handlers\FileHandler' driver.
CRITICAL - 2024-08-27 11:18:33 --> Exception: CodeIgniter Vite package is installed, but not initialized. did you run "php spark vite:init" ?
[Method: GET, Route: login]
in VENDORPATH\mihatori\codeignitervite\src\Decorator.php on line 16.
 1 SYSTEMPATH\View\ViewDecoratorTrait.php(34): Mihatori\CodeigniterVite\Decorator::decorate('

')
 2 SYSTEMPATH\View\View.php(255): CodeIgniter\View\View->decorateOutput('

')
 3 SYSTEMPATH\Common.php(1169): CodeIgniter\View\View->render('layouts/components/notification', [], true)
 4 APPPATH\Views\auth\login.php(27): view('layouts/components/notification')
 5 SYSTEMPATH\View\View.php(234): include('D:\\Dev\\Projects\\sistem_rme_pendaftaran\\app\\Views\\auth\\login.php')
 6 SYSTEMPATH\View\View.php(237): CodeIgniter\View\View->CodeIgniter\View\{closure}()
 7 SYSTEMPATH\Common.php(1169): CodeIgniter\View\View->render('App\\Views\\auth\\login', [], true)
 8 VENDORPATH\myth\auth\src\Controllers\AuthController.php(412): view('App\\Views\\auth\\login', [...])
 9 VENDORPATH\myth\auth\src\Controllers\AuthController.php(58): Myth\Auth\Controllers\AuthController->_render('App\\Views\\auth\\login', [...])
10 SYSTEMPATH\CodeIgniter.php(933): Myth\Auth\Controllers\AuthController->login()
11 SYSTEMPATH\CodeIgniter.php(509): CodeIgniter\CodeIgniter->runController(Object(Myth\Auth\Controllers\AuthController))
12 SYSTEMPATH\CodeIgniter.php(355): CodeIgniter\CodeIgniter->handleRequest(null, Object(Config\Cache), false)
13 SYSTEMPATH\Boot.php(325): CodeIgniter\CodeIgniter->run()
14 SYSTEMPATH\Boot.php(67): CodeIgniter\Boot::runCodeIgniter(Object(CodeIgniter\CodeIgniter))
15 FCPATH\index.php(56): CodeIgniter\Boot::bootWeb(Object(Config\Paths))
16 SYSTEMPATH\rewrite.php(44): require_once('D:\\Dev\\Projects\\sistem_rme_pendaftaran\\public\\index.php')
INFO - 2024-08-27 11:18:39 --> Session: Class initialized using 'CodeIgniter\Session\Handlers\FileHandler' driver.
INFO - 2024-08-27 21:54:45 --> Session: Class initialized using 'CodeIgniter\Session\Handlers\FileHandler' driver.
INFO - 2024-08-27 21:54:46 --> Session: Class initialized using 'CodeIgniter\Session\Handlers\FileHandler' driver.
INFO - 2024-08-27 21:55:51 --> Session: Class initialized using 'CodeIgniter\Session\Handlers\FileHandler' driver.
INFO - 2024-08-27 21:56:02 --> Session: Class initialized using 'CodeIgniter\Session\Handlers\FileHandler' driver.
INFO - 2024-08-27 22:07:49 --> Session: Class initialized using 'CodeIgniter\Session\Handlers\FileHandler' driver.
INFO - 2024-08-27 22:07:49 --> Session: Class initialized using 'CodeIgniter\Session\Handlers\FileHandler' driver.
INFO - 2024-08-27 22:12:17 --> Session: Class initialized using 'CodeIgniter\Session\Handlers\FileHandler' driver.
INFO - 2024-08-27 22:12:37 --> Session: Class initialized using 'CodeIgniter\Session\Handlers\FileHandler' driver.
INFO - 2024-08-27 22:12:37 --> Session: Class initialized using 'CodeIgniter\Session\Handlers\FileHandler' driver.
INFO - 2024-08-27 22:13:59 --> Session: Class initialized using 'CodeIgniter\Session\Handlers\FileHandler' driver.
INFO - 2024-08-27 22:14:07 --> Session: Class initialized using 'CodeIgniter\Session\Handlers\FileHandler' driver.
INFO - 2024-08-27 22:14:41 --> Session: Class initialized using 'CodeIgniter\Session\Handlers\FileHandler' driver.
INFO - 2024-08-27 22:14:41 --> Session: Class initialized using 'CodeIgniter\Session\Handlers\FileHandler' driver.
