INFO - 2024-08-29 18:45:29 --> Session: Class initialized using 'CodeIgniter\Session\Handlers\FileHandler' driver.
INFO - 2024-08-29 18:45:30 --> Session: Class initialized using 'CodeIgniter\Session\Handlers\FileHandler' driver.
CRITICAL - 2024-08-29 18:45:34 --> Exception: CodeIgniter Vite package is installed, but not initialized. did you run "php spark vite:init" ?
[Method: GET, Route: login]
in VENDORPATH\mihatori\codeignitervite\src\Decorator.php on line 16.
 1 SYSTEMPATH\View\ViewDecoratorTrait.php(34): Mihatori\CodeigniterVite\Decorator::decorate('

')
 2 SYSTEMPATH\View\View.php(255): CodeIgniter\View\View->decorateOutput('

')
 3 SYSTEMPATH\Common.php(1169): CodeIgniter\View\View->render('layouts/components/notification', [], true)
 4 APPPATH\Views\auth\login.php(28): view('layouts/components/notification')
 5 SYSTEMPATH\View\View.php(234): include('D:\\Dev\\Projects\\sistem_rme_pendaftaran\\app\\Views\\auth\\login.php')
 6 SYSTEMPATH\View\View.php(237): CodeIgniter\View\View->CodeIgniter\View\{closure}()
 7 SYSTEMPATH\Common.php(1169): CodeIgniter\View\View->render('App\\Views\\auth\\login', [], true)
 8 VENDORPATH\myth\auth\src\Controllers\AuthController.php(412): view('App\\Views\\auth\\login', [...])
 9 VENDORPATH\myth\auth\src\Controllers\AuthController.php(58): Myth\Auth\Controllers\AuthController->_render('App\\Views\\auth\\login', [...])
10 SYSTEMPATH\CodeIgniter.php(933): Myth\Auth\Controllers\AuthController->login()
11 SYSTEMPATH\CodeIgniter.php(509): CodeIgniter\CodeIgniter->runController(Object(Myth\Auth\Controllers\AuthController))
12 SYSTEMPATH\CodeIgniter.php(355): CodeIgniter\CodeIgniter->handleRequest(null, Object(Config\Cache), false)
13 SYSTEMPATH\Boot.php(325): CodeIgniter\CodeIgniter->run()
14 SYSTEMPATH\Boot.php(67): CodeIgniter\Boot::runCodeIgniter(Object(CodeIgniter\CodeIgniter))
15 FCPATH\index.php(56): CodeIgniter\Boot::bootWeb(Object(Config\Paths))
16 SYSTEMPATH\rewrite.php(44): require_once('D:\\Dev\\Projects\\sistem_rme_pendaftaran\\public\\index.php')
INFO - 2024-08-29 18:45:37 --> Session: Class initialized using 'CodeIgniter\Session\Handlers\FileHandler' driver.
INFO - 2024-08-29 18:46:03 --> Session: Class initialized using 'CodeIgniter\Session\Handlers\FileHandler' driver.
INFO - 2024-08-29 18:46:03 --> Session: Class initialized using 'CodeIgniter\Session\Handlers\FileHandler' driver.
CRITICAL - 2024-08-29 18:46:03 --> CodeIgniter\Router\Exceptions\RouterException: The route for "petugas" cannot be found.
[Method: GET, Route: /]
in SYSTEMPATH\Helpers\url_helper.php on line 494.
 1 SYSTEMPATH\Helpers\url_helper.php(494): CodeIgniter\Router\Exceptions\RouterException::forInvalidRoute('petugas')
 2 APPPATH\Views\layouts\components\sidebar.php(26): url_to('petugas')
 3 SYSTEMPATH\View\View.php(234): include('D:\\Dev\\Projects\\sistem_rme_pendaftaran\\app\\Views\\layouts\\components\\sidebar.php')
 4 SYSTEMPATH\View\View.php(237): CodeIgniter\View\View->CodeIgniter\View\{closure}()
 5 SYSTEMPATH\View\View.php(487): CodeIgniter\View\View->render('layouts/components/sidebar', null, true)
 6 APPPATH\Views\layouts\app.php(20): CodeIgniter\View\View->include('layouts/components/sidebar')
 7 SYSTEMPATH\View\View.php(234): include('D:\\Dev\\Projects\\sistem_rme_pendaftaran\\app\\Views\\layouts\\app.php')
 8 SYSTEMPATH\View\View.php(237): CodeIgniter\View\View->CodeIgniter\View\{closure}()
 9 SYSTEMPATH\View\View.php(250): CodeIgniter\View\View->render('layouts/app', [], true)
10 SYSTEMPATH\Common.php(1169): CodeIgniter\View\View->render('dashboard', [], true)
11 APPPATH\Controllers\DashboardController.php(12): view('dashboard')
12 SYSTEMPATH\CodeIgniter.php(933): App\Controllers\DashboardController->index()
13 SYSTEMPATH\CodeIgniter.php(509): CodeIgniter\CodeIgniter->runController(Object(App\Controllers\DashboardController))
14 SYSTEMPATH\CodeIgniter.php(355): CodeIgniter\CodeIgniter->handleRequest(null, Object(Config\Cache), false)
15 SYSTEMPATH\Boot.php(325): CodeIgniter\CodeIgniter->run()
16 SYSTEMPATH\Boot.php(67): CodeIgniter\Boot::runCodeIgniter(Object(CodeIgniter\CodeIgniter))
17 FCPATH\index.php(56): CodeIgniter\Boot::bootWeb(Object(Config\Paths))
18 SYSTEMPATH\rewrite.php(44): require_once('D:\\Dev\\Projects\\sistem_rme_pendaftaran\\public\\index.php')
INFO - 2024-08-29 18:47:58 --> Session: Class initialized using 'CodeIgniter\Session\Handlers\FileHandler' driver.
INFO - 2024-08-29 18:49:38 --> Session: Class initialized using 'CodeIgniter\Session\Handlers\FileHandler' driver.
INFO - 2024-08-29 18:49:48 --> Session: Class initialized using 'CodeIgniter\Session\Handlers\FileHandler' driver.
INFO - 2024-08-29 18:50:09 --> Session: Class initialized using 'CodeIgniter\Session\Handlers\FileHandler' driver.
INFO - 2024-08-29 18:51:11 --> Session: Class initialized using 'CodeIgniter\Session\Handlers\FileHandler' driver.
INFO - 2024-08-29 18:51:21 --> Session: Class initialized using 'CodeIgniter\Session\Handlers\FileHandler' driver.
INFO - 2024-08-29 18:51:56 --> Session: Class initialized using 'CodeIgniter\Session\Handlers\FileHandler' driver.
INFO - 2024-08-29 18:52:11 --> Session: Class initialized using 'CodeIgniter\Session\Handlers\FileHandler' driver.
INFO - 2024-08-29 18:52:14 --> Session: Class initialized using 'CodeIgniter\Session\Handlers\FileHandler' driver.
INFO - 2024-08-29 18:52:21 --> Session: Class initialized using 'CodeIgniter\Session\Handlers\FileHandler' driver.
INFO - 2024-08-29 18:53:13 --> Session: Class initialized using 'CodeIgniter\Session\Handlers\FileHandler' driver.
INFO - 2024-08-29 18:54:07 --> Session: Class initialized using 'CodeIgniter\Session\Handlers\FileHandler' driver.
INFO - 2024-08-29 18:56:07 --> Session: Class initialized using 'CodeIgniter\Session\Handlers\FileHandler' driver.
INFO - 2024-08-29 18:56:28 --> Session: Class initialized using 'CodeIgniter\Session\Handlers\FileHandler' driver.
INFO - 2024-08-29 18:57:12 --> Session: Class initialized using 'CodeIgniter\Session\Handlers\FileHandler' driver.
INFO - 2024-08-29 18:57:33 --> Session: Class initialized using 'CodeIgniter\Session\Handlers\FileHandler' driver.
INFO - 2024-08-29 18:57:53 --> Session: Class initialized using 'CodeIgniter\Session\Handlers\FileHandler' driver.
INFO - 2024-08-29 18:58:14 --> Session: Class initialized using 'CodeIgniter\Session\Handlers\FileHandler' driver.
INFO - 2024-08-29 18:58:35 --> Session: Class initialized using 'CodeIgniter\Session\Handlers\FileHandler' driver.
INFO - 2024-08-29 18:58:55 --> Session: Class initialized using 'CodeIgniter\Session\Handlers\FileHandler' driver.
INFO - 2024-08-29 18:59:40 --> Session: Class initialized using 'CodeIgniter\Session\Handlers\FileHandler' driver.
INFO - 2024-08-29 19:00:09 --> Session: Class initialized using 'CodeIgniter\Session\Handlers\FileHandler' driver.
INFO - 2024-08-29 19:01:53 --> Session: Class initialized using 'CodeIgniter\Session\Handlers\FileHandler' driver.
INFO - 2024-08-29 19:04:53 --> Session: Class initialized using 'CodeIgniter\Session\Handlers\FileHandler' driver.
INFO - 2024-08-29 19:05:26 --> Session: Class initialized using 'CodeIgniter\Session\Handlers\FileHandler' driver.
INFO - 2024-08-29 19:05:42 --> Session: Class initialized using 'CodeIgniter\Session\Handlers\FileHandler' driver.
INFO - 2024-08-29 19:05:59 --> Session: Class initialized using 'CodeIgniter\Session\Handlers\FileHandler' driver.
INFO - 2024-08-29 19:14:17 --> Session: Class initialized using 'CodeIgniter\Session\Handlers\FileHandler' driver.
INFO - 2024-08-29 19:14:34 --> Session: Class initialized using 'CodeIgniter\Session\Handlers\FileHandler' driver.
INFO - 2024-08-29 19:15:01 --> Session: Class initialized using 'CodeIgniter\Session\Handlers\FileHandler' driver.
INFO - 2024-08-29 19:16:03 --> Session: Class initialized using 'CodeIgniter\Session\Handlers\FileHandler' driver.
INFO - 2024-08-29 19:16:19 --> Session: Class initialized using 'CodeIgniter\Session\Handlers\FileHandler' driver.
INFO - 2024-08-29 19:16:36 --> Session: Class initialized using 'CodeIgniter\Session\Handlers\FileHandler' driver.
INFO - 2024-08-29 19:16:55 --> Session: Class initialized using 'CodeIgniter\Session\Handlers\FileHandler' driver.
INFO - 2024-08-29 19:17:12 --> Session: Class initialized using 'CodeIgniter\Session\Handlers\FileHandler' driver.
INFO - 2024-08-29 19:17:29 --> Session: Class initialized using 'CodeIgniter\Session\Handlers\FileHandler' driver.
INFO - 2024-08-29 19:17:45 --> Session: Class initialized using 'CodeIgniter\Session\Handlers\FileHandler' driver.
INFO - 2024-08-29 19:19:53 --> Session: Class initialized using 'CodeIgniter\Session\Handlers\FileHandler' driver.
INFO - 2024-08-29 19:20:10 --> Session: Class initialized using 'CodeIgniter\Session\Handlers\FileHandler' driver.
INFO - 2024-08-29 19:20:26 --> Session: Class initialized using 'CodeIgniter\Session\Handlers\FileHandler' driver.
INFO - 2024-08-29 19:22:01 --> Session: Class initialized using 'CodeIgniter\Session\Handlers\FileHandler' driver.
ERROR - 2024-08-29 19:22:01 --> mysqli_sql_exception: Table 'db_pendaftaran_rme.log_activity' doesn't exist in D:\Dev\Projects\sistem_rme_pendaftaran\vendor\codeigniter4\framework\system\Database\MySQLi\Connection.php:312
Stack trace:
#0 D:\Dev\Projects\sistem_rme_pendaftaran\vendor\codeigniter4\framework\system\Database\MySQLi\Connection.php(312): mysqli->query('INSERT INTO `lo...', 0)
#1 D:\Dev\Projects\sistem_rme_pendaftaran\vendor\codeigniter4\framework\system\Database\BaseConnection.php(734): CodeIgniter\Database\MySQLi\Connection->execute('INSERT INTO `lo...')
#2 D:\Dev\Projects\sistem_rme_pendaftaran\vendor\codeigniter4\framework\system\Database\BaseConnection.php(648): CodeIgniter\Database\BaseConnection->simpleQuery('INSERT INTO `lo...')
#3 D:\Dev\Projects\sistem_rme_pendaftaran\vendor\codeigniter4\framework\system\Database\BaseBuilder.php(2340): CodeIgniter\Database\BaseConnection->query('INSERT INTO `lo...', Array, false)
#4 D:\Dev\Projects\sistem_rme_pendaftaran\app\Models\LogActivity.php(62): CodeIgniter\Database\BaseBuilder->insert(Array)
#5 D:\Dev\Projects\sistem_rme_pendaftaran\app\Controllers\PetugasController.php(81): App\Models\LogActivity->insertLog(Array)
#6 D:\Dev\Projects\sistem_rme_pendaftaran\vendor\codeigniter4\framework\system\CodeIgniter.php(933): App\Controllers\PetugasController->store()
#7 D:\Dev\Projects\sistem_rme_pendaftaran\vendor\codeigniter4\framework\system\CodeIgniter.php(509): CodeIgniter\CodeIgniter->runController(Object(App\Controllers\PetugasController))
#8 D:\Dev\Projects\sistem_rme_pendaftaran\vendor\codeigniter4\framework\system\CodeIgniter.php(355): CodeIgniter\CodeIgniter->handleRequest(NULL, Object(Config\Cache), false)
#9 D:\Dev\Projects\sistem_rme_pendaftaran\vendor\codeigniter4\framework\system\Boot.php(325): CodeIgniter\CodeIgniter->run()
#10 D:\Dev\Projects\sistem_rme_pendaftaran\vendor\codeigniter4\framework\system\Boot.php(67): CodeIgniter\Boot::runCodeIgniter(Object(CodeIgniter\CodeIgniter))
#11 D:\Dev\Projects\sistem_rme_pendaftaran\public\index.php(56): CodeIgniter\Boot::bootWeb(Object(Config\Paths))
#12 D:\Dev\Projects\sistem_rme_pendaftaran\vendor\codeigniter4\framework\system\rewrite.php(44): require_once('D:\\Dev\\Projects...')
#13 {main}
INFO - 2024-08-29 19:22:02 --> Session: Class initialized using 'CodeIgniter\Session\Handlers\FileHandler' driver.
INFO - 2024-08-29 19:22:49 --> Session: Class initialized using 'CodeIgniter\Session\Handlers\FileHandler' driver.
INFO - 2024-08-29 19:22:50 --> Session: Class initialized using 'CodeIgniter\Session\Handlers\FileHandler' driver.
INFO - 2024-08-29 19:23:40 --> Session: Class initialized using 'CodeIgniter\Session\Handlers\FileHandler' driver.
INFO - 2024-08-29 19:23:56 --> Session: Class initialized using 'CodeIgniter\Session\Handlers\FileHandler' driver.
INFO - 2024-08-29 19:24:13 --> Session: Class initialized using 'CodeIgniter\Session\Handlers\FileHandler' driver.
INFO - 2024-08-29 19:24:29 --> Session: Class initialized using 'CodeIgniter\Session\Handlers\FileHandler' driver.
INFO - 2024-08-29 19:24:46 --> Session: Class initialized using 'CodeIgniter\Session\Handlers\FileHandler' driver.
INFO - 2024-08-29 19:25:02 --> Session: Class initialized using 'CodeIgniter\Session\Handlers\FileHandler' driver.
ERROR - 2024-08-29 19:25:02 --> mysqli_sql_exception: Table 'db_pendaftaran_rme.log_activity' doesn't exist in D:\Dev\Projects\sistem_rme_pendaftaran\vendor\codeigniter4\framework\system\Database\MySQLi\Connection.php:312
Stack trace:
#0 D:\Dev\Projects\sistem_rme_pendaftaran\vendor\codeigniter4\framework\system\Database\MySQLi\Connection.php(312): mysqli->query('INSERT INTO `lo...', 0)
#1 D:\Dev\Projects\sistem_rme_pendaftaran\vendor\codeigniter4\framework\system\Database\BaseConnection.php(734): CodeIgniter\Database\MySQLi\Connection->execute('INSERT INTO `lo...')
#2 D:\Dev\Projects\sistem_rme_pendaftaran\vendor\codeigniter4\framework\system\Database\BaseConnection.php(648): CodeIgniter\Database\BaseConnection->simpleQuery('INSERT INTO `lo...')
#3 D:\Dev\Projects\sistem_rme_pendaftaran\vendor\codeigniter4\framework\system\Database\BaseBuilder.php(2340): CodeIgniter\Database\BaseConnection->query('INSERT INTO `lo...', Array, false)
#4 D:\Dev\Projects\sistem_rme_pendaftaran\app\Models\LogActivity.php(62): CodeIgniter\Database\BaseBuilder->insert(Array)
#5 D:\Dev\Projects\sistem_rme_pendaftaran\app\Controllers\PetugasController.php(86): App\Models\LogActivity->insertLog(Array)
#6 D:\Dev\Projects\sistem_rme_pendaftaran\vendor\codeigniter4\framework\system\CodeIgniter.php(933): App\Controllers\PetugasController->store()
#7 D:\Dev\Projects\sistem_rme_pendaftaran\vendor\codeigniter4\framework\system\CodeIgniter.php(509): CodeIgniter\CodeIgniter->runController(Object(App\Controllers\PetugasController))
#8 D:\Dev\Projects\sistem_rme_pendaftaran\vendor\codeigniter4\framework\system\CodeIgniter.php(355): CodeIgniter\CodeIgniter->handleRequest(NULL, Object(Config\Cache), false)
#9 D:\Dev\Projects\sistem_rme_pendaftaran\vendor\codeigniter4\framework\system\Boot.php(325): CodeIgniter\CodeIgniter->run()
#10 D:\Dev\Projects\sistem_rme_pendaftaran\vendor\codeigniter4\framework\system\Boot.php(67): CodeIgniter\Boot::runCodeIgniter(Object(CodeIgniter\CodeIgniter))
#11 D:\Dev\Projects\sistem_rme_pendaftaran\public\index.php(56): CodeIgniter\Boot::bootWeb(Object(Config\Paths))
#12 D:\Dev\Projects\sistem_rme_pendaftaran\vendor\codeigniter4\framework\system\rewrite.php(44): require_once('D:\\Dev\\Projects...')
#13 {main}
INFO - 2024-08-29 19:25:03 --> Session: Class initialized using 'CodeIgniter\Session\Handlers\FileHandler' driver.
INFO - 2024-08-29 19:25:33 --> Session: Class initialized using 'CodeIgniter\Session\Handlers\FileHandler' driver.
INFO - 2024-08-29 19:25:54 --> Session: Class initialized using 'CodeIgniter\Session\Handlers\FileHandler' driver.
INFO - 2024-08-29 19:26:56 --> Session: Class initialized using 'CodeIgniter\Session\Handlers\FileHandler' driver.
INFO - 2024-08-29 19:27:17 --> Session: Class initialized using 'CodeIgniter\Session\Handlers\FileHandler' driver.
INFO - 2024-08-29 19:27:34 --> Session: Class initialized using 'CodeIgniter\Session\Handlers\FileHandler' driver.
ERROR - 2024-08-29 19:27:34 --> mysqli_sql_exception: Table 'db_pendaftaran_rme.log_activity' doesn't exist in D:\Dev\Projects\sistem_rme_pendaftaran\vendor\codeigniter4\framework\system\Database\MySQLi\Connection.php:312
Stack trace:
#0 D:\Dev\Projects\sistem_rme_pendaftaran\vendor\codeigniter4\framework\system\Database\MySQLi\Connection.php(312): mysqli->query('INSERT INTO `lo...', 0)
#1 D:\Dev\Projects\sistem_rme_pendaftaran\vendor\codeigniter4\framework\system\Database\BaseConnection.php(734): CodeIgniter\Database\MySQLi\Connection->execute('INSERT INTO `lo...')
#2 D:\Dev\Projects\sistem_rme_pendaftaran\vendor\codeigniter4\framework\system\Database\BaseConnection.php(648): CodeIgniter\Database\BaseConnection->simpleQuery('INSERT INTO `lo...')
#3 D:\Dev\Projects\sistem_rme_pendaftaran\vendor\codeigniter4\framework\system\Database\BaseBuilder.php(2340): CodeIgniter\Database\BaseConnection->query('INSERT INTO `lo...', Array, false)
#4 D:\Dev\Projects\sistem_rme_pendaftaran\app\Models\LogActivity.php(62): CodeIgniter\Database\BaseBuilder->insert(Array)
#5 D:\Dev\Projects\sistem_rme_pendaftaran\app\Controllers\PetugasController.php(86): App\Models\LogActivity->insertLog(Array)
#6 D:\Dev\Projects\sistem_rme_pendaftaran\vendor\codeigniter4\framework\system\CodeIgniter.php(933): App\Controllers\PetugasController->store()
#7 D:\Dev\Projects\sistem_rme_pendaftaran\vendor\codeigniter4\framework\system\CodeIgniter.php(509): CodeIgniter\CodeIgniter->runController(Object(App\Controllers\PetugasController))
#8 D:\Dev\Projects\sistem_rme_pendaftaran\vendor\codeigniter4\framework\system\CodeIgniter.php(355): CodeIgniter\CodeIgniter->handleRequest(NULL, Object(Config\Cache), false)
#9 D:\Dev\Projects\sistem_rme_pendaftaran\vendor\codeigniter4\framework\system\Boot.php(325): CodeIgniter\CodeIgniter->run()
#10 D:\Dev\Projects\sistem_rme_pendaftaran\vendor\codeigniter4\framework\system\Boot.php(67): CodeIgniter\Boot::runCodeIgniter(Object(CodeIgniter\CodeIgniter))
#11 D:\Dev\Projects\sistem_rme_pendaftaran\public\index.php(56): CodeIgniter\Boot::bootWeb(Object(Config\Paths))
#12 D:\Dev\Projects\sistem_rme_pendaftaran\vendor\codeigniter4\framework\system\rewrite.php(44): require_once('D:\\Dev\\Projects...')
#13 {main}
INFO - 2024-08-29 19:27:34 --> Session: Class initialized using 'CodeIgniter\Session\Handlers\FileHandler' driver.
INFO - 2024-08-29 19:28:02 --> Session: Class initialized using 'CodeIgniter\Session\Handlers\FileHandler' driver.
ERROR - 2024-08-29 19:28:03 --> mysqli_sql_exception: Table 'db_pendaftaran_rme.log_activity' doesn't exist in D:\Dev\Projects\sistem_rme_pendaftaran\vendor\codeigniter4\framework\system\Database\MySQLi\Connection.php:312
Stack trace:
#0 D:\Dev\Projects\sistem_rme_pendaftaran\vendor\codeigniter4\framework\system\Database\MySQLi\Connection.php(312): mysqli->query('INSERT INTO `lo...', 0)
#1 D:\Dev\Projects\sistem_rme_pendaftaran\vendor\codeigniter4\framework\system\Database\BaseConnection.php(734): CodeIgniter\Database\MySQLi\Connection->execute('INSERT INTO `lo...')
#2 D:\Dev\Projects\sistem_rme_pendaftaran\vendor\codeigniter4\framework\system\Database\BaseConnection.php(648): CodeIgniter\Database\BaseConnection->simpleQuery('INSERT INTO `lo...')
#3 D:\Dev\Projects\sistem_rme_pendaftaran\vendor\codeigniter4\framework\system\Database\BaseBuilder.php(2340): CodeIgniter\Database\BaseConnection->query('INSERT INTO `lo...', Array, false)
#4 D:\Dev\Projects\sistem_rme_pendaftaran\app\Models\LogActivity.php(62): CodeIgniter\Database\BaseBuilder->insert(Array)
#5 D:\Dev\Projects\sistem_rme_pendaftaran\app\Controllers\PetugasController.php(86): App\Models\LogActivity->insertLog(Array)
#6 D:\Dev\Projects\sistem_rme_pendaftaran\vendor\codeigniter4\framework\system\CodeIgniter.php(933): App\Controllers\PetugasController->store()
#7 D:\Dev\Projects\sistem_rme_pendaftaran\vendor\codeigniter4\framework\system\CodeIgniter.php(509): CodeIgniter\CodeIgniter->runController(Object(App\Controllers\PetugasController))
#8 D:\Dev\Projects\sistem_rme_pendaftaran\vendor\codeigniter4\framework\system\CodeIgniter.php(355): CodeIgniter\CodeIgniter->handleRequest(NULL, Object(Config\Cache), false)
#9 D:\Dev\Projects\sistem_rme_pendaftaran\vendor\codeigniter4\framework\system\Boot.php(325): CodeIgniter\CodeIgniter->run()
#10 D:\Dev\Projects\sistem_rme_pendaftaran\vendor\codeigniter4\framework\system\Boot.php(67): CodeIgniter\Boot::runCodeIgniter(Object(CodeIgniter\CodeIgniter))
#11 D:\Dev\Projects\sistem_rme_pendaftaran\public\index.php(56): CodeIgniter\Boot::bootWeb(Object(Config\Paths))
#12 D:\Dev\Projects\sistem_rme_pendaftaran\vendor\codeigniter4\framework\system\rewrite.php(44): require_once('D:\\Dev\\Projects...')
#13 {main}
INFO - 2024-08-29 19:28:03 --> Session: Class initialized using 'CodeIgniter\Session\Handlers\FileHandler' driver.
INFO - 2024-08-29 19:28:43 --> Session: Class initialized using 'CodeIgniter\Session\Handlers\FileHandler' driver.
INFO - 2024-08-29 19:29:00 --> Session: Class initialized using 'CodeIgniter\Session\Handlers\FileHandler' driver.
INFO - 2024-08-29 19:29:24 --> Session: Class initialized using 'CodeIgniter\Session\Handlers\FileHandler' driver.
ERROR - 2024-08-29 19:29:24 --> mysqli_sql_exception: Table 'db_pendaftaran_rme.log_activity' doesn't exist in D:\Dev\Projects\sistem_rme_pendaftaran\vendor\codeigniter4\framework\system\Database\MySQLi\Connection.php:312
Stack trace:
#0 D:\Dev\Projects\sistem_rme_pendaftaran\vendor\codeigniter4\framework\system\Database\MySQLi\Connection.php(312): mysqli->query('INSERT INTO `lo...', 0)
#1 D:\Dev\Projects\sistem_rme_pendaftaran\vendor\codeigniter4\framework\system\Database\BaseConnection.php(734): CodeIgniter\Database\MySQLi\Connection->execute('INSERT INTO `lo...')
#2 D:\Dev\Projects\sistem_rme_pendaftaran\vendor\codeigniter4\framework\system\Database\BaseConnection.php(648): CodeIgniter\Database\BaseConnection->simpleQuery('INSERT INTO `lo...')
#3 D:\Dev\Projects\sistem_rme_pendaftaran\vendor\codeigniter4\framework\system\Database\BaseBuilder.php(2340): CodeIgniter\Database\BaseConnection->query('INSERT INTO `lo...', Array, false)
#4 D:\Dev\Projects\sistem_rme_pendaftaran\app\Models\LogActivity.php(62): CodeIgniter\Database\BaseBuilder->insert(Array)
#5 D:\Dev\Projects\sistem_rme_pendaftaran\app\Controllers\PetugasController.php(86): App\Models\LogActivity->insertLog(Array)
#6 D:\Dev\Projects\sistem_rme_pendaftaran\vendor\codeigniter4\framework\system\CodeIgniter.php(933): App\Controllers\PetugasController->store()
#7 D:\Dev\Projects\sistem_rme_pendaftaran\vendor\codeigniter4\framework\system\CodeIgniter.php(509): CodeIgniter\CodeIgniter->runController(Object(App\Controllers\PetugasController))
#8 D:\Dev\Projects\sistem_rme_pendaftaran\vendor\codeigniter4\framework\system\CodeIgniter.php(355): CodeIgniter\CodeIgniter->handleRequest(NULL, Object(Config\Cache), false)
#9 D:\Dev\Projects\sistem_rme_pendaftaran\vendor\codeigniter4\framework\system\Boot.php(325): CodeIgniter\CodeIgniter->run()
#10 D:\Dev\Projects\sistem_rme_pendaftaran\vendor\codeigniter4\framework\system\Boot.php(67): CodeIgniter\Boot::runCodeIgniter(Object(CodeIgniter\CodeIgniter))
#11 D:\Dev\Projects\sistem_rme_pendaftaran\public\index.php(56): CodeIgniter\Boot::bootWeb(Object(Config\Paths))
#12 D:\Dev\Projects\sistem_rme_pendaftaran\vendor\codeigniter4\framework\system\rewrite.php(44): require_once('D:\\Dev\\Projects...')
#13 {main}
INFO - 2024-08-29 19:29:27 --> Session: Class initialized using 'CodeIgniter\Session\Handlers\FileHandler' driver.
INFO - 2024-08-29 19:29:43 --> Session: Class initialized using 'CodeIgniter\Session\Handlers\FileHandler' driver.
INFO - 2024-08-29 19:30:07 --> Session: Class initialized using 'CodeIgniter\Session\Handlers\FileHandler' driver.
ERROR - 2024-08-29 19:30:07 --> mysqli_sql_exception: Table 'db_pendaftaran_rme.log_activity' doesn't exist in D:\Dev\Projects\sistem_rme_pendaftaran\vendor\codeigniter4\framework\system\Database\MySQLi\Connection.php:312
Stack trace:
#0 D:\Dev\Projects\sistem_rme_pendaftaran\vendor\codeigniter4\framework\system\Database\MySQLi\Connection.php(312): mysqli->query('INSERT INTO `lo...', 0)
#1 D:\Dev\Projects\sistem_rme_pendaftaran\vendor\codeigniter4\framework\system\Database\BaseConnection.php(734): CodeIgniter\Database\MySQLi\Connection->execute('INSERT INTO `lo...')
#2 D:\Dev\Projects\sistem_rme_pendaftaran\vendor\codeigniter4\framework\system\Database\BaseConnection.php(648): CodeIgniter\Database\BaseConnection->simpleQuery('INSERT INTO `lo...')
#3 D:\Dev\Projects\sistem_rme_pendaftaran\vendor\codeigniter4\framework\system\Database\BaseBuilder.php(2340): CodeIgniter\Database\BaseConnection->query('INSERT INTO `lo...', Array, false)
#4 D:\Dev\Projects\sistem_rme_pendaftaran\app\Models\LogActivity.php(62): CodeIgniter\Database\BaseBuilder->insert(Array)
#5 D:\Dev\Projects\sistem_rme_pendaftaran\app\Controllers\PetugasController.php(86): App\Models\LogActivity->insertLog(Array)
#6 D:\Dev\Projects\sistem_rme_pendaftaran\vendor\codeigniter4\framework\system\CodeIgniter.php(933): App\Controllers\PetugasController->store()
#7 D:\Dev\Projects\sistem_rme_pendaftaran\vendor\codeigniter4\framework\system\CodeIgniter.php(509): CodeIgniter\CodeIgniter->runController(Object(App\Controllers\PetugasController))
#8 D:\Dev\Projects\sistem_rme_pendaftaran\vendor\codeigniter4\framework\system\CodeIgniter.php(355): CodeIgniter\CodeIgniter->handleRequest(NULL, Object(Config\Cache), false)
#9 D:\Dev\Projects\sistem_rme_pendaftaran\vendor\codeigniter4\framework\system\Boot.php(325): CodeIgniter\CodeIgniter->run()
#10 D:\Dev\Projects\sistem_rme_pendaftaran\vendor\codeigniter4\framework\system\Boot.php(67): CodeIgniter\Boot::runCodeIgniter(Object(CodeIgniter\CodeIgniter))
#11 D:\Dev\Projects\sistem_rme_pendaftaran\public\index.php(56): CodeIgniter\Boot::bootWeb(Object(Config\Paths))
#12 D:\Dev\Projects\sistem_rme_pendaftaran\vendor\codeigniter4\framework\system\rewrite.php(44): require_once('D:\\Dev\\Projects...')
#13 {main}
INFO - 2024-08-29 19:30:22 --> Session: Class initialized using 'CodeIgniter\Session\Handlers\FileHandler' driver.
INFO - 2024-08-29 19:30:36 --> Session: Class initialized using 'CodeIgniter\Session\Handlers\FileHandler' driver.
INFO - 2024-08-29 19:31:17 --> Session: Class initialized using 'CodeIgniter\Session\Handlers\FileHandler' driver.
ERROR - 2024-08-29 19:31:17 --> mysqli_sql_exception: Table 'db_pendaftaran_rme.log_activity' doesn't exist in D:\Dev\Projects\sistem_rme_pendaftaran\vendor\codeigniter4\framework\system\Database\MySQLi\Connection.php:312
Stack trace:
#0 D:\Dev\Projects\sistem_rme_pendaftaran\vendor\codeigniter4\framework\system\Database\MySQLi\Connection.php(312): mysqli->query('INSERT INTO `lo...', 0)
#1 D:\Dev\Projects\sistem_rme_pendaftaran\vendor\codeigniter4\framework\system\Database\BaseConnection.php(734): CodeIgniter\Database\MySQLi\Connection->execute('INSERT INTO `lo...')
#2 D:\Dev\Projects\sistem_rme_pendaftaran\vendor\codeigniter4\framework\system\Database\BaseConnection.php(648): CodeIgniter\Database\BaseConnection->simpleQuery('INSERT INTO `lo...')
#3 D:\Dev\Projects\sistem_rme_pendaftaran\vendor\codeigniter4\framework\system\Database\BaseBuilder.php(2340): CodeIgniter\Database\BaseConnection->query('INSERT INTO `lo...', Array, false)
#4 D:\Dev\Projects\sistem_rme_pendaftaran\app\Models\LogActivity.php(62): CodeIgniter\Database\BaseBuilder->insert(Array)
#5 D:\Dev\Projects\sistem_rme_pendaftaran\app\Controllers\PetugasController.php(86): App\Models\LogActivity->insertLog(Array)
#6 D:\Dev\Projects\sistem_rme_pendaftaran\vendor\codeigniter4\framework\system\CodeIgniter.php(933): App\Controllers\PetugasController->store()
#7 D:\Dev\Projects\sistem_rme_pendaftaran\vendor\codeigniter4\framework\system\CodeIgniter.php(509): CodeIgniter\CodeIgniter->runController(Object(App\Controllers\PetugasController))
#8 D:\Dev\Projects\sistem_rme_pendaftaran\vendor\codeigniter4\framework\system\CodeIgniter.php(355): CodeIgniter\CodeIgniter->handleRequest(NULL, Object(Config\Cache), false)
#9 D:\Dev\Projects\sistem_rme_pendaftaran\vendor\codeigniter4\framework\system\Boot.php(325): CodeIgniter\CodeIgniter->run()
#10 D:\Dev\Projects\sistem_rme_pendaftaran\vendor\codeigniter4\framework\system\Boot.php(67): CodeIgniter\Boot::runCodeIgniter(Object(CodeIgniter\CodeIgniter))
#11 D:\Dev\Projects\sistem_rme_pendaftaran\public\index.php(56): CodeIgniter\Boot::bootWeb(Object(Config\Paths))
#12 D:\Dev\Projects\sistem_rme_pendaftaran\vendor\codeigniter4\framework\system\rewrite.php(44): require_once('D:\\Dev\\Projects...')
#13 {main}
INFO - 2024-08-29 19:31:51 --> Session: Class initialized using 'CodeIgniter\Session\Handlers\FileHandler' driver.
INFO - 2024-08-29 19:32:00 --> Session: Class initialized using 'CodeIgniter\Session\Handlers\FileHandler' driver.
INFO - 2024-08-29 19:32:23 --> Session: Class initialized using 'CodeIgniter\Session\Handlers\FileHandler' driver.
INFO - 2024-08-29 19:32:24 --> Session: Class initialized using 'CodeIgniter\Session\Handlers\FileHandler' driver.
INFO - 2024-08-29 19:34:11 --> Session: Class initialized using 'CodeIgniter\Session\Handlers\FileHandler' driver.
INFO - 2024-08-29 19:34:28 --> Session: Class initialized using 'CodeIgniter\Session\Handlers\FileHandler' driver.
INFO - 2024-08-29 19:34:56 --> Session: Class initialized using 'CodeIgniter\Session\Handlers\FileHandler' driver.
INFO - 2024-08-29 19:35:28 --> Session: Class initialized using 'CodeIgniter\Session\Handlers\FileHandler' driver.
INFO - 2024-08-29 19:35:28 --> Session: Class initialized using 'CodeIgniter\Session\Handlers\FileHandler' driver.
INFO - 2024-08-29 19:37:09 --> Session: Class initialized using 'CodeIgniter\Session\Handlers\FileHandler' driver.
INFO - 2024-08-29 19:37:35 --> Session: Class initialized using 'CodeIgniter\Session\Handlers\FileHandler' driver.
INFO - 2024-08-29 19:37:35 --> Session: Class initialized using 'CodeIgniter\Session\Handlers\FileHandler' driver.
INFO - 2024-08-29 19:39:13 --> Session: Class initialized using 'CodeIgniter\Session\Handlers\FileHandler' driver.
INFO - 2024-08-29 19:39:34 --> Session: Class initialized using 'CodeIgniter\Session\Handlers\FileHandler' driver.
INFO - 2024-08-29 19:41:13 --> Session: Class initialized using 'CodeIgniter\Session\Handlers\FileHandler' driver.
INFO - 2024-08-29 19:41:34 --> Session: Class initialized using 'CodeIgniter\Session\Handlers\FileHandler' driver.
INFO - 2024-08-29 19:42:19 --> Session: Class initialized using 'CodeIgniter\Session\Handlers\FileHandler' driver.
INFO - 2024-08-29 19:42:50 --> Session: Class initialized using 'CodeIgniter\Session\Handlers\FileHandler' driver.
INFO - 2024-08-29 19:42:50 --> Session: Class initialized using 'CodeIgniter\Session\Handlers\FileHandler' driver.
INFO - 2024-08-29 19:43:19 --> Session: Class initialized using 'CodeIgniter\Session\Handlers\FileHandler' driver.
INFO - 2024-08-29 19:43:41 --> Session: Class initialized using 'CodeIgniter\Session\Handlers\FileHandler' driver.
INFO - 2024-08-29 19:43:41 --> Session: Class initialized using 'CodeIgniter\Session\Handlers\FileHandler' driver.
INFO - 2024-08-29 19:44:33 --> Session: Class initialized using 'CodeIgniter\Session\Handlers\FileHandler' driver.
INFO - 2024-08-29 19:45:56 --> Session: Class initialized using 'CodeIgniter\Session\Handlers\FileHandler' driver.
INFO - 2024-08-29 19:46:57 --> Session: Class initialized using 'CodeIgniter\Session\Handlers\FileHandler' driver.
CRITICAL - 2024-08-29 19:46:57 --> BadMethodCallException: Call to undefined method Myth\Auth\Models\UserModel::getFindUsers
[Method: GET, Route: master-data/petugas/show/2]
in SYSTEMPATH\Model.php on line 932.
 1 APPPATH\Controllers\PetugasController.php(103): CodeIgniter\Model->__call('getFindUsers', [...])
 2 SYSTEMPATH\CodeIgniter.php(933): App\Controllers\PetugasController->show('2')
 3 SYSTEMPATH\CodeIgniter.php(509): CodeIgniter\CodeIgniter->runController(Object(App\Controllers\PetugasController))
 4 SYSTEMPATH\CodeIgniter.php(355): CodeIgniter\CodeIgniter->handleRequest(null, Object(Config\Cache), false)
 5 SYSTEMPATH\Boot.php(325): CodeIgniter\CodeIgniter->run()
 6 SYSTEMPATH\Boot.php(67): CodeIgniter\Boot::runCodeIgniter(Object(CodeIgniter\CodeIgniter))
 7 FCPATH\index.php(56): CodeIgniter\Boot::bootWeb(Object(Config\Paths))
 8 SYSTEMPATH\rewrite.php(44): require_once('D:\\Dev\\Projects\\sistem_rme_pendaftaran\\public\\index.php')
INFO - 2024-08-29 19:47:22 --> Session: Class initialized using 'CodeIgniter\Session\Handlers\FileHandler' driver.
WARNING - 2024-08-29 19:47:22 --> [DEPRECATED] ucwords(): Passing null to parameter #1 ($string) of type string is deprecated in APPPATH\Views\petugas\show.php on line 51.
 1 APPPATH\Views\petugas\show.php(51): ucwords(null)
 2 SYSTEMPATH\View\View.php(234): include('D:\\Dev\\Projects\\sistem_rme_pendaftaran\\app\\Views\\petugas\\show.php')
 3 SYSTEMPATH\View\View.php(237): CodeIgniter\View\View->CodeIgniter\View\{closure}()
 4 SYSTEMPATH\Common.php(1169): CodeIgniter\View\View->render('petugas/show', [], true)
 5 APPPATH\Controllers\PetugasController.php(104): view('petugas/show', [...])
 6 SYSTEMPATH\CodeIgniter.php(933): App\Controllers\PetugasController->show('2')
 7 SYSTEMPATH\CodeIgniter.php(509): CodeIgniter\CodeIgniter->runController(Object(App\Controllers\PetugasController))
 8 SYSTEMPATH\CodeIgniter.php(355): CodeIgniter\CodeIgniter->handleRequest(null, Object(Config\Cache), false)
 9 SYSTEMPATH\Boot.php(325): CodeIgniter\CodeIgniter->run()
10 SYSTEMPATH\Boot.php(67): CodeIgniter\Boot::runCodeIgniter(Object(CodeIgniter\CodeIgniter))
11 FCPATH\index.php(56): CodeIgniter\Boot::bootWeb(Object(Config\Paths))
12 SYSTEMPATH\rewrite.php(44): require_once('D:\\Dev\\Projects\\sistem_rme_pendaftaran\\public\\index.php')
INFO - 2024-08-29 19:48:01 --> Session: Class initialized using 'CodeIgniter\Session\Handlers\FileHandler' driver.
WARNING - 2024-08-29 19:48:01 --> [DEPRECATED] ucwords(): Passing null to parameter #1 ($string) of type string is deprecated in APPPATH\Views\petugas\show.php on line 51.
 1 APPPATH\Views\petugas\show.php(51): ucwords(null)
 2 SYSTEMPATH\View\View.php(234): include('D:\\Dev\\Projects\\sistem_rme_pendaftaran\\app\\Views\\petugas\\show.php')
 3 SYSTEMPATH\View\View.php(237): CodeIgniter\View\View->CodeIgniter\View\{closure}()
 4 SYSTEMPATH\Common.php(1169): CodeIgniter\View\View->render('petugas/show', [], true)
 5 APPPATH\Controllers\PetugasController.php(104): view('petugas/show', [...])
 6 SYSTEMPATH\CodeIgniter.php(933): App\Controllers\PetugasController->show('2')
 7 SYSTEMPATH\CodeIgniter.php(509): CodeIgniter\CodeIgniter->runController(Object(App\Controllers\PetugasController))
 8 SYSTEMPATH\CodeIgniter.php(355): CodeIgniter\CodeIgniter->handleRequest(null, Object(Config\Cache), false)
 9 SYSTEMPATH\Boot.php(325): CodeIgniter\CodeIgniter->run()
10 SYSTEMPATH\Boot.php(67): CodeIgniter\Boot::runCodeIgniter(Object(CodeIgniter\CodeIgniter))
11 FCPATH\index.php(56): CodeIgniter\Boot::bootWeb(Object(Config\Paths))
12 SYSTEMPATH\rewrite.php(44): require_once('D:\\Dev\\Projects\\sistem_rme_pendaftaran\\public\\index.php')
INFO - 2024-08-29 19:48:18 --> Session: Class initialized using 'CodeIgniter\Session\Handlers\FileHandler' driver.
INFO - 2024-08-29 19:48:48 --> Session: Class initialized using 'CodeIgniter\Session\Handlers\FileHandler' driver.
INFO - 2024-08-29 19:49:39 --> Session: Class initialized using 'CodeIgniter\Session\Handlers\FileHandler' driver.
INFO - 2024-08-29 19:49:59 --> Session: Class initialized using 'CodeIgniter\Session\Handlers\FileHandler' driver.
INFO - 2024-08-29 19:50:20 --> Session: Class initialized using 'CodeIgniter\Session\Handlers\FileHandler' driver.
INFO - 2024-08-29 19:50:41 --> Session: Class initialized using 'CodeIgniter\Session\Handlers\FileHandler' driver.
INFO - 2024-08-29 19:51:01 --> Session: Class initialized using 'CodeIgniter\Session\Handlers\FileHandler' driver.
INFO - 2024-08-29 19:51:22 --> Session: Class initialized using 'CodeIgniter\Session\Handlers\FileHandler' driver.
INFO - 2024-08-29 19:51:42 --> Session: Class initialized using 'CodeIgniter\Session\Handlers\FileHandler' driver.
INFO - 2024-08-29 19:52:03 --> Session: Class initialized using 'CodeIgniter\Session\Handlers\FileHandler' driver.
INFO - 2024-08-29 19:52:24 --> Session: Class initialized using 'CodeIgniter\Session\Handlers\FileHandler' driver.
INFO - 2024-08-29 19:52:44 --> Session: Class initialized using 'CodeIgniter\Session\Handlers\FileHandler' driver.
INFO - 2024-08-29 19:53:05 --> Session: Class initialized using 'CodeIgniter\Session\Handlers\FileHandler' driver.
INFO - 2024-08-29 19:53:26 --> Session: Class initialized using 'CodeIgniter\Session\Handlers\FileHandler' driver.
INFO - 2024-08-29 19:53:46 --> Session: Class initialized using 'CodeIgniter\Session\Handlers\FileHandler' driver.
INFO - 2024-08-29 19:54:07 --> Session: Class initialized using 'CodeIgniter\Session\Handlers\FileHandler' driver.
INFO - 2024-08-29 19:54:28 --> Session: Class initialized using 'CodeIgniter\Session\Handlers\FileHandler' driver.
INFO - 2024-08-29 19:54:48 --> Session: Class initialized using 'CodeIgniter\Session\Handlers\FileHandler' driver.
INFO - 2024-08-29 19:55:09 --> Session: Class initialized using 'CodeIgniter\Session\Handlers\FileHandler' driver.
INFO - 2024-08-29 19:55:30 --> Session: Class initialized using 'CodeIgniter\Session\Handlers\FileHandler' driver.
INFO - 2024-08-29 19:55:50 --> Session: Class initialized using 'CodeIgniter\Session\Handlers\FileHandler' driver.
INFO - 2024-08-29 19:56:11 --> Session: Class initialized using 'CodeIgniter\Session\Handlers\FileHandler' driver.
CRITICAL - 2024-08-29 19:56:23 --> Exception: CodeIgniter Vite package is installed, but not initialized. did you run "php spark vite:init" ?
[Method: GET, Route: master-data/petugas]
in VENDORPATH\mihatori\codeignitervite\src\Decorator.php on line 16.
 1 SYSTEMPATH\View\ViewDecoratorTrait.php(34): Mihatori\CodeigniterVite\Decorator::decorate('<aside id="logo-sidebar" class="fixed top-0 left-0 z-40 w-64 h-screen pt-20 transition-transform -translate-x-full bg-white border-r border-gray-200 sm:translate-x-0 dark:bg-gray-800 dark:border-gray-700" aria-label="Sidebar">
    <div class="h-full px-3 pb-4 overflow-y-auto bg-white dark:bg-gray-800">
        <ul class="space-y-2 font-medium">
            <h5 class="text-gray-500 font-bold uppercase dark:text-gray-400 px-3">MENU</h5>
            <li>
                <a href="" class="flex items-center p-3 text-gray-900 dark:text-white hover:bg-blue-900 dark:hover:bg-gray-700 group">
                <svg class="w-5 h-5 text-gray-500 transition duration-75 dark:text-blue-900 group-hover:text-white dark:group-hover:text-white" aria-hidden="true" xmlns="http://www.w3.org/2000/svg" width="24" height="24" fill="none" viewBox="0 0 24 24">
                    <path stroke="currentColor" stroke-linejoin="round" stroke-width="2" d="M4 5a1 1 0 0 1 1-1h4a1 1 0 0 1 1 1v2a1 1 0 0 1-1 1H5a1 1 0 0 1-1-1V5Zm16 14a1 1 0 0 1-1 1h-4a1 1 0 0 1-1-1v-2a1 1 0 0 1 1-1h4a1 1 0 0 1 1 1v2ZM4 13a1 1 0 0 1 1-1h4a1 1 0 0 1 1 1v6a1 1 0 0 1-1 1H5a1 1 0 0 1-1-1v-6Zm16-2a1 1 0 0 1-1 1h-4a1 1 0 0 1-1-1V5a1 1 0 0 1 1-1h4a1 1 0 0 1 1 1v6Z"/>
                </svg>
                <span class="ms-3 text-gray-500 group-hover:text-white">Dashboard</span>
                </a>
            </li>
            <hr>
            <li>
                <button type="button" class="flex items-center w-full p-3 text-base text-gray-900 transition duration-75 group hover:bg-blue-900 dark:text-white dark:hover:bg-gray-700" aria-controls="data-master" data-collapse-toggle="data-master">
                    <svg class="flex-shrink-0 w-5 h-5 text-gray-500 transition duration-75 group-hover:text-white dark:text-gray-400 dark:group-hover:text-white" aria-hidden="true" xmlns="http://www.w3.org/2000/svg" width="24" height="24" fill="none" viewBox="0 0 24 24">
                        <path stroke="currentColor" stroke-linecap="round" stroke-linejoin="round" stroke-width="2" d="M13.5 8H4m0-2v13a1 1 0 0 0 1 1h14a1 1 0 0 0 1-1V9a1 1 0 0 0-1-1h-5.032a1 1 0 0 1-.768-.36l-1.9-2.28a1 1 0 0 0-.768-.36H5a1 1 0 0 0-1 1Z"/>
                    </svg>
                    <span class="flex-1 ms-3 text-gray-500 group-hover:text-white text-left rtl:text-right whitespace-nowrap">Data Master</span>
                    <svg class="w-3 h-3" aria-hidden="true" xmlns="http://www.w3.org/2000/svg" fill="none" viewBox="0 0 10 6">
                        <path stroke="currentColor" stroke-linecap="round" stroke-linejoin="round" stroke-width="2" d="m1 1 4 4 4-4"/>
                    </svg>
                </button>
                <ul id="data-master" class="hidden py-2 space-y-2">
                    <li>
                        <a href="http://localhost:8080/index.php/master-data/petugas" class="flex items-center w-full p-2 text-gray-500  transition duration-75 pl-11 group hover:bg-blue-900 dark:text-white dark:hover:bg-gray-700">
                            <svg class="flex-shrink-0 w-4 h-4 text-gray-500 transition duration-75 group-hover:text-white dark:text-gray-400 dark:group-hover:text-white" aria-hidden="true" xmlns="http://www.w3.org/2000/svg" width="24" height="24" fill="none" viewBox="0 0 24 24">
                                <path stroke="currentColor" stroke-linecap="round" stroke-linejoin="round" stroke-width="2" d="m10 16 4-4-4-4"/>
                            </svg>
                            <span class="group-hover:text-white">
                                Data Petugas 
                            </span>
                        </a>
                    </li>
                    <li>
                        <a href="" class="flex items-center w-full p-2 text-gray-500  transition duration-75 pl-11 group hover:bg-blue-900 dark:text-white dark:hover:bg-gray-700">
                            <svg class="flex-shrink-0 w-4 h-4 text-gray-500 transition duration-75 group-hover:text-white dark:text-gray-400 dark:group-hover:text-white" aria-hidden="true" xmlns="http://www.w3.org/2000/svg" width="24" height="24" fill="none" viewBox="0 0 24 24">
                                <path stroke="currentColor" stroke-linecap="round" stroke-linejoin="round" stroke-width="2" d="m10 16 4-4-4-4"/>
                            </svg>
                            <span class="group-hover:text-white">
                                Data Diagnosa 
                            </span>
                        </a>
                    </li>
                    <li>
                        <a href="" class="flex items-center w-full p-2 text-gray-500  transition duration-75 pl-11 group hover:bg-blue-900 dark:text-white dark:hover:bg-gray-700">
                            <svg class="flex-shrink-0 w-4 h-4 text-gray-500 transition duration-75 group-hover:text-white dark:text-gray-400 dark:group-hover:text-white" aria-hidden="true" xmlns="http://www.w3.org/2000/svg" width="24" height="24" fill="none" viewBox="0 0 24 24">
                                <path stroke="currentColor" stroke-linecap="round" stroke-linejoin="round" stroke-width="2" d="m10 16 4-4-4-4"/>
                            </svg>
                            <span class="group-hover:text-white">
                                Data Obat 
                            </span>
                        </a>
                    </li>
                </ul>
            </li>
            <hr>
            <li>
                <a href="" class="flex items-center p-3 text-gray-900 dark:text-white hover:bg-blue-900 dark:hover:bg-gray-700 group">
                    <svg class="w-5 h-5 text-gray-500 transition duration-75 dark:text-blue-900 group-hover:text-white dark:group-hover:text-white" aria-hidden="true" xmlns="http://www.w3.org/2000/svg" width="24" height="24" fill="none" viewBox="0 0 24 24">
                        <path stroke="currentColor" stroke-linecap="round" stroke-linejoin="round" stroke-width="2" d="M18 9V4a1 1 0 0 0-1-1H8.914a1 1 0 0 0-.707.293L4.293 7.207A1 1 0 0 0 4 7.914V20a1 1 0 0 0 1 1h4M9 3v4a1 1 0 0 1-1 1H4m11 6v4m-2-2h4m3 0a5 5 0 1 1-10 0 5 5 0 0 1 10 0Z"/>
                    </svg>
                    <span class="ms-3 text-gray-500 group-hover:text-white">Pendaftaran</span>
                </a>
            </li>
            <hr>
            <li>
                <a href="" class="flex items-center p-3 text-gray-900 dark:text-white hover:bg-blue-900 dark:hover:bg-gray-700 group">
                    <svg class="w-5 h-5 text-gray-500 transition duration-75 dark:text-blue-900 group-hover:text-white dark:group-hover:text-white" aria-hidden="true" xmlns="http://www.w3.org/2000/svg" width="24" height="24" fill="none" viewBox="0 0 24 24">
                        <path stroke="currentColor" stroke-linecap="round" stroke-linejoin="round" stroke-width="2" d="M18 9V4a1 1 0 0 0-1-1H8.914a1 1 0 0 0-.707.293L4.293 7.207A1 1 0 0 0 4 7.914V20a1 1 0 0 0 1 1h4M9 3v4a1 1 0 0 1-1 1H4m11 6v4m-2-2h4m3 0a5 5 0 1 1-10 0 5 5 0 0 1 10 0Z"/>
                    </svg>
                    <span class="ms-3 text-gray-500 group-hover:text-white">Pemeriksaan</span>
                </a>
            </li>
            <hr>
            <li>
                <a href="" class="flex items-center p-3 text-gray-900 dark:text-white hover:bg-blue-900 dark:hover:bg-gray-700 group">
                    <svg class="w-5 h-5 text-gray-500 transition duration-75 dark:text-blue-900 group-hover:text-white dark:group-hover:text-white" aria-hidden="true" xmlns="http://www.w3.org/2000/svg" width="24" height="24" fill="none" viewBox="0 0 24 24">
                        <path stroke="currentColor" stroke-linecap="round" stroke-linejoin="round" stroke-width="2" d="M18 9V4a1 1 0 0 0-1-1H8.914a1 1 0 0 0-.707.293L4.293 7.207A1 1 0 0 0 4 7.914V20a1 1 0 0 0 1 1h4M9 3v4a1 1 0 0 1-1 1H4m11 6v4m-2-2h4m3 0a5 5 0 1 1-10 0 5 5 0 0 1 10 0Z"/>
                    </svg>
                    <span class="ms-3 text-gray-500 group-hover:text-white">Pemeriksaan Lab</span>
                </a>
            </li>
            <hr>
            
            <li>
                <button type="button" class="flex items-center w-full p-3 text-base text-gray-900 transition duration-75 group hover:bg-blue-900 dark:text-white dark:hover:bg-gray-700" aria-controls="rekam-medis" data-collapse-toggle="rekam-medis">
                    <svg class="flex-shrink-0 w-5 h-5 text-gray-500 transition duration-75 group-hover:text-white dark:text-gray-400 dark:group-hover:text-white" aria-hidden="true" xmlns="http://www.w3.org/2000/svg" width="24" height="24" fill="none" viewBox="0 0 24 24">
                        <path stroke="currentColor" stroke-linecap="round" stroke-linejoin="round" stroke-width="2" d="M13.5 8H4m0-2v13a1 1 0 0 0 1 1h14a1 1 0 0 0 1-1V9a1 1 0 0 0-1-1h-5.032a1 1 0 0 1-.768-.36l-1.9-2.28a1 1 0 0 0-.768-.36H5a1 1 0 0 0-1 1Z"/>
                    </svg>
                    <span class="flex-1 ms-3 text-gray-500 group-hover:text-white text-left rtl:text-right whitespace-nowrap">Rekam Medis</span>
                    <svg class="w-3 h-3" aria-hidden="true" xmlns="http://www.w3.org/2000/svg" fill="none" viewBox="0 0 10 6">
                        <path stroke="currentColor" stroke-linecap="round" stroke-linejoin="round" stroke-width="2" d="m1 1 4 4 4-4"/>
                    </svg>
                </button>
                <ul id="rekam-medis" class="hidden py-2 space-y-2">
                    <li>
                        <a href="" class="flex items-center w-full p-2 text-gray-500  transition duration-75 pl-11 group hover:bg-blue-900 dark:text-white dark:hover:bg-gray-700">
                            <svg class="flex-shrink-0 w-4 h-4 text-gray-500 transition duration-75 group-hover:text-white dark:text-gray-400 dark:group-hover:text-white" aria-hidden="true" xmlns="http://www.w3.org/2000/svg" width="24" height="24" fill="none" viewBox="0 0 24 24">
                                <path stroke="currentColor" stroke-linecap="round" stroke-linejoin="round" stroke-width="2" d="m10 16 4-4-4-4"/>
                            </svg>
                            <span class="group-hover:text-white">
                                Riwayat Pelayanan 
                            </span>
                        </a>
                    </li>
                    <li>
                        <a href="" class="flex items-center w-full p-2 text-gray-500  transition duration-75 pl-11 group hover:bg-blue-900 dark:text-white dark:hover:bg-gray-700">
                            <svg class="flex-shrink-0 w-4 h-4 text-gray-500 transition duration-75 group-hover:text-white dark:text-gray-400 dark:group-hover:text-white" aria-hidden="true" xmlns="http://www.w3.org/2000/svg" width="24" height="24" fill="none" viewBox="0 0 24 24">
                                <path stroke="currentColor" stroke-linecap="round" stroke-linejoin="round" stroke-width="2" d="m10 16 4-4-4-4"/>
                            </svg>
                            <span class="group-hover:text-white">
                                Laporan Kunjungan 
                            </span>
                        </a>
                    </li>
                    <li>
                        <a href="" class="flex items-center w-full p-2 text-gray-500  transition duration-75 pl-11 group hover:bg-blue-900 dark:text-white dark:hover:bg-gray-700">
                            <svg class="flex-shrink-0 w-4 h-4 text-gray-500 transition duration-75 group-hover:text-white dark:text-gray-400 dark:group-hover:text-white" aria-hidden="true" xmlns="http://www.w3.org/2000/svg" width="24" height="24" fill="none" viewBox="0 0 24 24">
                                <path stroke="currentColor" stroke-linecap="round" stroke-linejoin="round" stroke-width="2" d="m10 16 4-4-4-4"/>
                            </svg>
                            <span class="group-hover:text-white">
                                Laporan 10 Besar Penyakit 
                            </span>
                        </a>
                    </li>
                </ul>
            </li>
            <hr> 
           
        </ul>
    </div>
</aside>')
 2 SYSTEMPATH\View\View.php(255): CodeIgniter\View\View->decorateOutput('<aside id="logo-sidebar" class="fixed top-0 left-0 z-40 w-64 h-screen pt-20 transition-transform -translate-x-full bg-white border-r border-gray-200 sm:translate-x-0 dark:bg-gray-800 dark:border-gray-700" aria-label="Sidebar">
    <div class="h-full px-3 pb-4 overflow-y-auto bg-white dark:bg-gray-800">
        <ul class="space-y-2 font-medium">
            <h5 class="text-gray-500 font-bold uppercase dark:text-gray-400 px-3">MENU</h5>
            <li>
                <a href="" class="flex items-center p-3 text-gray-900 dark:text-white hover:bg-blue-900 dark:hover:bg-gray-700 group">
                <svg class="w-5 h-5 text-gray-500 transition duration-75 dark:text-blue-900 group-hover:text-white dark:group-hover:text-white" aria-hidden="true" xmlns="http://www.w3.org/2000/svg" width="24" height="24" fill="none" viewBox="0 0 24 24">
                    <path stroke="currentColor" stroke-linejoin="round" stroke-width="2" d="M4 5a1 1 0 0 1 1-1h4a1 1 0 0 1 1 1v2a1 1 0 0 1-1 1H5a1 1 0 0 1-1-1V5Zm16 14a1 1 0 0 1-1 1h-4a1 1 0 0 1-1-1v-2a1 1 0 0 1 1-1h4a1 1 0 0 1 1 1v2ZM4 13a1 1 0 0 1 1-1h4a1 1 0 0 1 1 1v6a1 1 0 0 1-1 1H5a1 1 0 0 1-1-1v-6Zm16-2a1 1 0 0 1-1 1h-4a1 1 0 0 1-1-1V5a1 1 0 0 1 1-1h4a1 1 0 0 1 1 1v6Z"/>
                </svg>
                <span class="ms-3 text-gray-500 group-hover:text-white">Dashboard</span>
                </a>
            </li>
            <hr>
            <li>
                <button type="button" class="flex items-center w-full p-3 text-base text-gray-900 transition duration-75 group hover:bg-blue-900 dark:text-white dark:hover:bg-gray-700" aria-controls="data-master" data-collapse-toggle="data-master">
                    <svg class="flex-shrink-0 w-5 h-5 text-gray-500 transition duration-75 group-hover:text-white dark:text-gray-400 dark:group-hover:text-white" aria-hidden="true" xmlns="http://www.w3.org/2000/svg" width="24" height="24" fill="none" viewBox="0 0 24 24">
                        <path stroke="currentColor" stroke-linecap="round" stroke-linejoin="round" stroke-width="2" d="M13.5 8H4m0-2v13a1 1 0 0 0 1 1h14a1 1 0 0 0 1-1V9a1 1 0 0 0-1-1h-5.032a1 1 0 0 1-.768-.36l-1.9-2.28a1 1 0 0 0-.768-.36H5a1 1 0 0 0-1 1Z"/>
                    </svg>
                    <span class="flex-1 ms-3 text-gray-500 group-hover:text-white text-left rtl:text-right whitespace-nowrap">Data Master</span>
                    <svg class="w-3 h-3" aria-hidden="true" xmlns="http://www.w3.org/2000/svg" fill="none" viewBox="0 0 10 6">
                        <path stroke="currentColor" stroke-linecap="round" stroke-linejoin="round" stroke-width="2" d="m1 1 4 4 4-4"/>
                    </svg>
                </button>
                <ul id="data-master" class="hidden py-2 space-y-2">
                    <li>
                        <a href="http://localhost:8080/index.php/master-data/petugas" class="flex items-center w-full p-2 text-gray-500  transition duration-75 pl-11 group hover:bg-blue-900 dark:text-white dark:hover:bg-gray-700">
                            <svg class="flex-shrink-0 w-4 h-4 text-gray-500 transition duration-75 group-hover:text-white dark:text-gray-400 dark:group-hover:text-white" aria-hidden="true" xmlns="http://www.w3.org/2000/svg" width="24" height="24" fill="none" viewBox="0 0 24 24">
                                <path stroke="currentColor" stroke-linecap="round" stroke-linejoin="round" stroke-width="2" d="m10 16 4-4-4-4"/>
                            </svg>
                            <span class="group-hover:text-white">
                                Data Petugas 
                            </span>
                        </a>
                    </li>
                    <li>
                        <a href="" class="flex items-center w-full p-2 text-gray-500  transition duration-75 pl-11 group hover:bg-blue-900 dark:text-white dark:hover:bg-gray-700">
                            <svg class="flex-shrink-0 w-4 h-4 text-gray-500 transition duration-75 group-hover:text-white dark:text-gray-400 dark:group-hover:text-white" aria-hidden="true" xmlns="http://www.w3.org/2000/svg" width="24" height="24" fill="none" viewBox="0 0 24 24">
                                <path stroke="currentColor" stroke-linecap="round" stroke-linejoin="round" stroke-width="2" d="m10 16 4-4-4-4"/>
                            </svg>
                            <span class="group-hover:text-white">
                                Data Diagnosa 
                            </span>
                        </a>
                    </li>
                    <li>
                        <a href="" class="flex items-center w-full p-2 text-gray-500  transition duration-75 pl-11 group hover:bg-blue-900 dark:text-white dark:hover:bg-gray-700">
                            <svg class="flex-shrink-0 w-4 h-4 text-gray-500 transition duration-75 group-hover:text-white dark:text-gray-400 dark:group-hover:text-white" aria-hidden="true" xmlns="http://www.w3.org/2000/svg" width="24" height="24" fill="none" viewBox="0 0 24 24">
                                <path stroke="currentColor" stroke-linecap="round" stroke-linejoin="round" stroke-width="2" d="m10 16 4-4-4-4"/>
                            </svg>
                            <span class="group-hover:text-white">
                                Data Obat 
                            </span>
                        </a>
                    </li>
                </ul>
            </li>
            <hr>
            <li>
                <a href="" class="flex items-center p-3 text-gray-900 dark:text-white hover:bg-blue-900 dark:hover:bg-gray-700 group">
                    <svg class="w-5 h-5 text-gray-500 transition duration-75 dark:text-blue-900 group-hover:text-white dark:group-hover:text-white" aria-hidden="true" xmlns="http://www.w3.org/2000/svg" width="24" height="24" fill="none" viewBox="0 0 24 24">
                        <path stroke="currentColor" stroke-linecap="round" stroke-linejoin="round" stroke-width="2" d="M18 9V4a1 1 0 0 0-1-1H8.914a1 1 0 0 0-.707.293L4.293 7.207A1 1 0 0 0 4 7.914V20a1 1 0 0 0 1 1h4M9 3v4a1 1 0 0 1-1 1H4m11 6v4m-2-2h4m3 0a5 5 0 1 1-10 0 5 5 0 0 1 10 0Z"/>
                    </svg>
                    <span class="ms-3 text-gray-500 group-hover:text-white">Pendaftaran</span>
                </a>
            </li>
            <hr>
            <li>
                <a href="" class="flex items-center p-3 text-gray-900 dark:text-white hover:bg-blue-900 dark:hover:bg-gray-700 group">
                    <svg class="w-5 h-5 text-gray-500 transition duration-75 dark:text-blue-900 group-hover:text-white dark:group-hover:text-white" aria-hidden="true" xmlns="http://www.w3.org/2000/svg" width="24" height="24" fill="none" viewBox="0 0 24 24">
                        <path stroke="currentColor" stroke-linecap="round" stroke-linejoin="round" stroke-width="2" d="M18 9V4a1 1 0 0 0-1-1H8.914a1 1 0 0 0-.707.293L4.293 7.207A1 1 0 0 0 4 7.914V20a1 1 0 0 0 1 1h4M9 3v4a1 1 0 0 1-1 1H4m11 6v4m-2-2h4m3 0a5 5 0 1 1-10 0 5 5 0 0 1 10 0Z"/>
                    </svg>
                    <span class="ms-3 text-gray-500 group-hover:text-white">Pemeriksaan</span>
                </a>
            </li>
            <hr>
            <li>
                <a href="" class="flex items-center p-3 text-gray-900 dark:text-white hover:bg-blue-900 dark:hover:bg-gray-700 group">
                    <svg class="w-5 h-5 text-gray-500 transition duration-75 dark:text-blue-900 group-hover:text-white dark:group-hover:text-white" aria-hidden="true" xmlns="http://www.w3.org/2000/svg" width="24" height="24" fill="none" viewBox="0 0 24 24">
                        <path stroke="currentColor" stroke-linecap="round" stroke-linejoin="round" stroke-width="2" d="M18 9V4a1 1 0 0 0-1-1H8.914a1 1 0 0 0-.707.293L4.293 7.207A1 1 0 0 0 4 7.914V20a1 1 0 0 0 1 1h4M9 3v4a1 1 0 0 1-1 1H4m11 6v4m-2-2h4m3 0a5 5 0 1 1-10 0 5 5 0 0 1 10 0Z"/>
                    </svg>
                    <span class="ms-3 text-gray-500 group-hover:text-white">Pemeriksaan Lab</span>
                </a>
            </li>
            <hr>
            
            <li>
                <button type="button" class="flex items-center w-full p-3 text-base text-gray-900 transition duration-75 group hover:bg-blue-900 dark:text-white dark:hover:bg-gray-700" aria-controls="rekam-medis" data-collapse-toggle="rekam-medis">
                    <svg class="flex-shrink-0 w-5 h-5 text-gray-500 transition duration-75 group-hover:text-white dark:text-gray-400 dark:group-hover:text-white" aria-hidden="true" xmlns="http://www.w3.org/2000/svg" width="24" height="24" fill="none" viewBox="0 0 24 24">
                        <path stroke="currentColor" stroke-linecap="round" stroke-linejoin="round" stroke-width="2" d="M13.5 8H4m0-2v13a1 1 0 0 0 1 1h14a1 1 0 0 0 1-1V9a1 1 0 0 0-1-1h-5.032a1 1 0 0 1-.768-.36l-1.9-2.28a1 1 0 0 0-.768-.36H5a1 1 0 0 0-1 1Z"/>
                    </svg>
                    <span class="flex-1 ms-3 text-gray-500 group-hover:text-white text-left rtl:text-right whitespace-nowrap">Rekam Medis</span>
                    <svg class="w-3 h-3" aria-hidden="true" xmlns="http://www.w3.org/2000/svg" fill="none" viewBox="0 0 10 6">
                        <path stroke="currentColor" stroke-linecap="round" stroke-linejoin="round" stroke-width="2" d="m1 1 4 4 4-4"/>
                    </svg>
                </button>
                <ul id="rekam-medis" class="hidden py-2 space-y-2">
                    <li>
                        <a href="" class="flex items-center w-full p-2 text-gray-500  transition duration-75 pl-11 group hover:bg-blue-900 dark:text-white dark:hover:bg-gray-700">
                            <svg class="flex-shrink-0 w-4 h-4 text-gray-500 transition duration-75 group-hover:text-white dark:text-gray-400 dark:group-hover:text-white" aria-hidden="true" xmlns="http://www.w3.org/2000/svg" width="24" height="24" fill="none" viewBox="0 0 24 24">
                                <path stroke="currentColor" stroke-linecap="round" stroke-linejoin="round" stroke-width="2" d="m10 16 4-4-4-4"/>
                            </svg>
                            <span class="group-hover:text-white">
                                Riwayat Pelayanan 
                            </span>
                        </a>
                    </li>
                    <li>
                        <a href="" class="flex items-center w-full p-2 text-gray-500  transition duration-75 pl-11 group hover:bg-blue-900 dark:text-white dark:hover:bg-gray-700">
                            <svg class="flex-shrink-0 w-4 h-4 text-gray-500 transition duration-75 group-hover:text-white dark:text-gray-400 dark:group-hover:text-white" aria-hidden="true" xmlns="http://www.w3.org/2000/svg" width="24" height="24" fill="none" viewBox="0 0 24 24">
                                <path stroke="currentColor" stroke-linecap="round" stroke-linejoin="round" stroke-width="2" d="m10 16 4-4-4-4"/>
                            </svg>
                            <span class="group-hover:text-white">
                                Laporan Kunjungan 
                            </span>
                        </a>
                    </li>
                    <li>
                        <a href="" class="flex items-center w-full p-2 text-gray-500  transition duration-75 pl-11 group hover:bg-blue-900 dark:text-white dark:hover:bg-gray-700">
                            <svg class="flex-shrink-0 w-4 h-4 text-gray-500 transition duration-75 group-hover:text-white dark:text-gray-400 dark:group-hover:text-white" aria-hidden="true" xmlns="http://www.w3.org/2000/svg" width="24" height="24" fill="none" viewBox="0 0 24 24">
                                <path stroke="currentColor" stroke-linecap="round" stroke-linejoin="round" stroke-width="2" d="m10 16 4-4-4-4"/>
                            </svg>
                            <span class="group-hover:text-white">
                                Laporan 10 Besar Penyakit 
                            </span>
                        </a>
                    </li>
                </ul>
            </li>
            <hr> 
           
        </ul>
    </div>
</aside>')
 3 SYSTEMPATH\View\View.php(487): CodeIgniter\View\View->render('layouts/components/sidebar', null, true)
 4 APPPATH\Views\layouts\app.php(23): CodeIgniter\View\View->include('layouts/components/sidebar')
 5 SYSTEMPATH\View\View.php(234): include('D:\\Dev\\Projects\\sistem_rme_pendaftaran\\app\\Views\\layouts\\app.php')
 6 SYSTEMPATH\View\View.php(237): CodeIgniter\View\View->CodeIgniter\View\{closure}()
 7 SYSTEMPATH\View\View.php(250): CodeIgniter\View\View->render('layouts/app', [], true)
 8 SYSTEMPATH\Common.php(1169): CodeIgniter\View\View->render('petugas/index', [], true)
 9 APPPATH\Controllers\PetugasController.php(29): view('petugas/index', [...])
10 SYSTEMPATH\CodeIgniter.php(933): App\Controllers\PetugasController->index()
11 SYSTEMPATH\CodeIgniter.php(509): CodeIgniter\CodeIgniter->runController(Object(App\Controllers\PetugasController))
12 SYSTEMPATH\CodeIgniter.php(355): CodeIgniter\CodeIgniter->handleRequest(null, Object(Config\Cache), false)
13 SYSTEMPATH\Boot.php(325): CodeIgniter\CodeIgniter->run()
14 SYSTEMPATH\Boot.php(67): CodeIgniter\Boot::runCodeIgniter(Object(CodeIgniter\CodeIgniter))
15 FCPATH\index.php(56): CodeIgniter\Boot::bootWeb(Object(Config\Paths))
16 SYSTEMPATH\rewrite.php(44): require_once('D:\\Dev\\Projects\\sistem_rme_pendaftaran\\public\\index.php')
INFO - 2024-08-29 19:56:23 --> Session: Class initialized using 'CodeIgniter\Session\Handlers\FileHandler' driver.
INFO - 2024-08-29 19:56:36 --> Session: Class initialized using 'CodeIgniter\Session\Handlers\FileHandler' driver.
INFO - 2024-08-29 19:56:53 --> Session: Class initialized using 'CodeIgniter\Session\Handlers\FileHandler' driver.
INFO - 2024-08-29 20:28:22 --> Session: Class initialized using 'CodeIgniter\Session\Handlers\FileHandler' driver.
