ERROR - 2024-08-28 12:33:44 --> Exception: CodeIgniter Vite package is installed, but not initialized. did you run "php spark vite:init" ? in D:\Dev\Projects\sistem_rme_pendaftaran\vendor\mihatori\codeignitervite\src\Decorator.php:16
Stack trace:
#0 D:\Dev\Projects\sistem_rme_pendaftaran\vendor\codeigniter4\framework\system\View\ViewDecoratorTrait.php(34): Mihatori\CodeigniterVite\Decorator::decorate('<@php\n\nnamespac...')
#1 D:\Dev\Projects\sistem_rme_pendaftaran\vendor\codeigniter4\framework\system\View\View.php(255): CodeIgniter\View\View->decorateOutput('<@php\n\nnamespac...')
#2 D:\Dev\Projects\sistem_rme_pendaftaran\vendor\codeigniter4\framework\system\Common.php(1169): CodeIgniter\View\View->render('CodeIgniter\\Com...', Array, true)
#3 D:\Dev\Projects\sistem_rme_pendaftaran\vendor\codeigniter4\framework\system\CLI\GeneratorTrait.php(347): view('CodeIgniter\\Com...', Array, Array)
#4 D:\Dev\Projects\sistem_rme_pendaftaran\vendor\codeigniter4\framework\system\CLI\GeneratorTrait.php(390): CodeIgniter\Commands\Generators\MigrationGenerator->renderTemplate(Array)
#5 D:\Dev\Projects\sistem_rme_pendaftaran\vendor\codeigniter4\framework\system\Commands\Generators\MigrationGenerator.php(121): CodeIgniter\Commands\Generators\MigrationGenerator->parseTemplate('App\\Database\\Mi...', Array, Array, Array)
#6 D:\Dev\Projects\sistem_rme_pendaftaran\vendor\codeigniter4\framework\system\CLI\GeneratorTrait.php(400): CodeIgniter\Commands\Generators\MigrationGenerator->prepare('App\\Database\\Mi...')
#7 D:\Dev\Projects\sistem_rme_pendaftaran\vendor\codeigniter4\framework\system\CLI\GeneratorTrait.php(135): CodeIgniter\Commands\Generators\MigrationGenerator->buildContent('App\\Database\\Mi...')
#8 D:\Dev\Projects\sistem_rme_pendaftaran\vendor\codeigniter4\framework\system\Commands\Generators\MigrationGenerator.php(95): CodeIgniter\Commands\Generators\MigrationGenerator->generateClass(Array)
#9 D:\Dev\Projects\sistem_rme_pendaftaran\vendor\codeigniter4\framework\system\CLI\Commands.php(70): CodeIgniter\Commands\Generators\MigrationGenerator->run(Array)
#10 D:\Dev\Projects\sistem_rme_pendaftaran\vendor\codeigniter4\framework\system\CLI\Console.php(48): CodeIgniter\CLI\Commands->run('make:migration', Array)
#11 D:\Dev\Projects\sistem_rme_pendaftaran\vendor\codeigniter4\framework\system\Boot.php(351): CodeIgniter\CLI\Console->run()
#12 D:\Dev\Projects\sistem_rme_pendaftaran\vendor\codeigniter4\framework\system\Boot.php(104): CodeIgniter\Boot::runCommand(Object(CodeIgniter\CLI\Console))
#13 D:\Dev\Projects\sistem_rme_pendaftaran\spark(84): CodeIgniter\Boot::bootSpark(Object(Config\Paths))
#14 {main}
CRITICAL - 2024-08-28 12:33:48 --> Exception: CodeIgniter Vite package is installed, but not initialized. did you run "php spark vite:init" ?
[Method: CLI, Route: make:migration/create_pemeriksaan_lab_table]
in VENDORPATH\mihatori\codeignitervite\src\Decorator.php on line 16.
 1 SYSTEMPATH\View\ViewDecoratorTrait.php(34): Mihatori\CodeigniterVite\Decorator::decorate('<@php

namespace {namespace};

use CodeIgniter\\Database\\Migration;

class {class} extends Migration
{
    public function up()
    {
        //
    }

    public function down()
    {
        //
    }
}
')
 2 SYSTEMPATH\View\View.php(255): CodeIgniter\View\View->decorateOutput('<@php

namespace {namespace};

use CodeIgniter\\Database\\Migration;

class {class} extends Migration
{
    public function up()
    {
        //
    }

    public function down()
    {
        //
    }
}
')
 3 SYSTEMPATH\Common.php(1169): CodeIgniter\View\View->render('CodeIgniter\\Commands\\Generators\\Views\\migration.tpl.php', [...], true)
 4 SYSTEMPATH\CLI\GeneratorTrait.php(354): view('CodeIgniter\\Commands\\Generators\\Views\\migration.tpl.php', [...], [...])
 5 SYSTEMPATH\CLI\GeneratorTrait.php(390): CodeIgniter\Commands\Generators\MigrationGenerator->renderTemplate([...])
 6 SYSTEMPATH\Commands\Generators\MigrationGenerator.php(121): CodeIgniter\Commands\Generators\MigrationGenerator->parseTemplate('App\\Database\\Migrations\\CreatePemeriksaanLabTable', [...], [...], [...])
 7 SYSTEMPATH\CLI\GeneratorTrait.php(400): CodeIgniter\Commands\Generators\MigrationGenerator->prepare('App\\Database\\Migrations\\CreatePemeriksaanLabTable')
 8 SYSTEMPATH\CLI\GeneratorTrait.php(135): CodeIgniter\Commands\Generators\MigrationGenerator->buildContent('App\\Database\\Migrations\\CreatePemeriksaanLabTable')
 9 SYSTEMPATH\Commands\Generators\MigrationGenerator.php(95): CodeIgniter\Commands\Generators\MigrationGenerator->generateClass([...])
10 SYSTEMPATH\CLI\Commands.php(70): CodeIgniter\Commands\Generators\MigrationGenerator->run([...])
11 SYSTEMPATH\CLI\Console.php(48): CodeIgniter\CLI\Commands->run('make:migration', [...])
12 SYSTEMPATH\Boot.php(351): CodeIgniter\CLI\Console->run()
13 SYSTEMPATH\Boot.php(104): CodeIgniter\Boot::runCommand(Object(CodeIgniter\CLI\Console))
14 ROOTPATH\spark(84): CodeIgniter\Boot::bootSpark(Object(Config\Paths))
ERROR - 2024-08-28 12:55:03 --> Error connecting to the database: mysqli_sql_exception: No connection could be made because the target machine actively refused it in D:\Dev\Projects\sistem_rme_pendaftaran\vendor\codeigniter4\framework\system\Database\MySQLi\Connection.php:187
Stack trace:
#0 D:\Dev\Projects\sistem_rme_pendaftaran\vendor\codeigniter4\framework\system\Database\MySQLi\Connection.php(187): mysqli->real_connect('localhost', 'root', '', 'db_pendaftaran_...', 3306, '', 0)
#1 D:\Dev\Projects\sistem_rme_pendaftaran\vendor\codeigniter4\framework\system\Database\BaseConnection.php(421): CodeIgniter\Database\MySQLi\Connection->connect(false)
#2 D:\Dev\Projects\sistem_rme_pendaftaran\vendor\codeigniter4\framework\system\Database\BaseConnection.php(616): CodeIgniter\Database\BaseConnection->initialize()
#3 D:\Dev\Projects\sistem_rme_pendaftaran\vendor\codeigniter4\framework\system\Database\BaseConnection.php(1485): CodeIgniter\Database\BaseConnection->query('SHOW TABLES FRO...')
#4 D:\Dev\Projects\sistem_rme_pendaftaran\vendor\codeigniter4\framework\system\Database\BaseConnection.php(1505): CodeIgniter\Database\BaseConnection->listTables()
#5 D:\Dev\Projects\sistem_rme_pendaftaran\vendor\codeigniter4\framework\system\Database\MigrationRunner.php(759): CodeIgniter\Database\BaseConnection->tableExists('migrations')
#6 D:\Dev\Projects\sistem_rme_pendaftaran\vendor\codeigniter4\framework\system\Database\MigrationRunner.php(163): CodeIgniter\Database\MigrationRunner->ensureTable()
#7 D:\Dev\Projects\sistem_rme_pendaftaran\vendor\codeigniter4\framework\system\Commands\Database\Migrate.php(85): CodeIgniter\Database\MigrationRunner->latest(NULL)
#8 D:\Dev\Projects\sistem_rme_pendaftaran\vendor\codeigniter4\framework\system\CLI\Commands.php(70): CodeIgniter\Commands\Database\Migrate->run(Array)
#9 D:\Dev\Projects\sistem_rme_pendaftaran\vendor\codeigniter4\framework\system\CLI\Console.php(48): CodeIgniter\CLI\Commands->run('migrate', Array)
#10 D:\Dev\Projects\sistem_rme_pendaftaran\vendor\codeigniter4\framework\system\Boot.php(351): CodeIgniter\CLI\Console->run()
#11 D:\Dev\Projects\sistem_rme_pendaftaran\vendor\codeigniter4\framework\system\Boot.php(104): CodeIgniter\Boot::runCommand(Object(CodeIgniter\CLI\Console))
#12 D:\Dev\Projects\sistem_rme_pendaftaran\spark(84): CodeIgniter\Boot::bootSpark(Object(Config\Paths))
#13 {main}

Next CodeIgniter\Database\Exceptions\DatabaseException: No connection could be made because the target machine actively refused it in D:\Dev\Projects\sistem_rme_pendaftaran\vendor\codeigniter4\framework\system\Database\MySQLi\Connection.php:231
Stack trace:
#0 D:\Dev\Projects\sistem_rme_pendaftaran\vendor\codeigniter4\framework\system\Database\BaseConnection.php(421): CodeIgniter\Database\MySQLi\Connection->connect(false)
#1 D:\Dev\Projects\sistem_rme_pendaftaran\vendor\codeigniter4\framework\system\Database\BaseConnection.php(616): CodeIgniter\Database\BaseConnection->initialize()
#2 D:\Dev\Projects\sistem_rme_pendaftaran\vendor\codeigniter4\framework\system\Database\BaseConnection.php(1485): CodeIgniter\Database\BaseConnection->query('SHOW TABLES FRO...')
#3 D:\Dev\Projects\sistem_rme_pendaftaran\vendor\codeigniter4\framework\system\Database\BaseConnection.php(1505): CodeIgniter\Database\BaseConnection->listTables()
#4 D:\Dev\Projects\sistem_rme_pendaftaran\vendor\codeigniter4\framework\system\Database\MigrationRunner.php(759): CodeIgniter\Database\BaseConnection->tableExists('migrations')
#5 D:\Dev\Projects\sistem_rme_pendaftaran\vendor\codeigniter4\framework\system\Database\MigrationRunner.php(163): CodeIgniter\Database\MigrationRunner->ensureTable()
#6 D:\Dev\Projects\sistem_rme_pendaftaran\vendor\codeigniter4\framework\system\Commands\Database\Migrate.php(85): CodeIgniter\Database\MigrationRunner->latest(NULL)
#7 D:\Dev\Projects\sistem_rme_pendaftaran\vendor\codeigniter4\framework\system\CLI\Commands.php(70): CodeIgniter\Commands\Database\Migrate->run(Array)
#8 D:\Dev\Projects\sistem_rme_pendaftaran\vendor\codeigniter4\framework\system\CLI\Console.php(48): CodeIgniter\CLI\Commands->run('migrate', Array)
#9 D:\Dev\Projects\sistem_rme_pendaftaran\vendor\codeigniter4\framework\system\Boot.php(351): CodeIgniter\CLI\Console->run()
#10 D:\Dev\Projects\sistem_rme_pendaftaran\vendor\codeigniter4\framework\system\Boot.php(104): CodeIgniter\Boot::runCommand(Object(CodeIgniter\CLI\Console))
#11 D:\Dev\Projects\sistem_rme_pendaftaran\spark(84): CodeIgniter\Boot::bootSpark(Object(Config\Paths))
#12 {main}
ERROR - 2024-08-28 12:56:04 --> Error connecting to the database: mysqli_sql_exception: Unknown database 'db_pendaftaran_rme' in D:\Dev\Projects\sistem_rme_pendaftaran\vendor\codeigniter4\framework\system\Database\MySQLi\Connection.php:187
Stack trace:
#0 D:\Dev\Projects\sistem_rme_pendaftaran\vendor\codeigniter4\framework\system\Database\MySQLi\Connection.php(187): mysqli->real_connect('localhost', 'root', '', 'db_pendaftaran_...', 3306, '', 0)
#1 D:\Dev\Projects\sistem_rme_pendaftaran\vendor\codeigniter4\framework\system\Database\BaseConnection.php(421): CodeIgniter\Database\MySQLi\Connection->connect(false)
#2 D:\Dev\Projects\sistem_rme_pendaftaran\vendor\codeigniter4\framework\system\Database\BaseConnection.php(616): CodeIgniter\Database\BaseConnection->initialize()
#3 D:\Dev\Projects\sistem_rme_pendaftaran\vendor\codeigniter4\framework\system\Database\BaseConnection.php(1485): CodeIgniter\Database\BaseConnection->query('SHOW TABLES FRO...')
#4 D:\Dev\Projects\sistem_rme_pendaftaran\vendor\codeigniter4\framework\system\Database\BaseConnection.php(1505): CodeIgniter\Database\BaseConnection->listTables()
#5 D:\Dev\Projects\sistem_rme_pendaftaran\vendor\codeigniter4\framework\system\Database\MigrationRunner.php(759): CodeIgniter\Database\BaseConnection->tableExists('migrations')
#6 D:\Dev\Projects\sistem_rme_pendaftaran\vendor\codeigniter4\framework\system\Database\MigrationRunner.php(163): CodeIgniter\Database\MigrationRunner->ensureTable()
#7 D:\Dev\Projects\sistem_rme_pendaftaran\vendor\codeigniter4\framework\system\Commands\Database\Migrate.php(85): CodeIgniter\Database\MigrationRunner->latest(NULL)
#8 D:\Dev\Projects\sistem_rme_pendaftaran\vendor\codeigniter4\framework\system\CLI\Commands.php(70): CodeIgniter\Commands\Database\Migrate->run(Array)
#9 D:\Dev\Projects\sistem_rme_pendaftaran\vendor\codeigniter4\framework\system\CLI\Console.php(48): CodeIgniter\CLI\Commands->run('migrate', Array)
#10 D:\Dev\Projects\sistem_rme_pendaftaran\vendor\codeigniter4\framework\system\Boot.php(351): CodeIgniter\CLI\Console->run()
#11 D:\Dev\Projects\sistem_rme_pendaftaran\vendor\codeigniter4\framework\system\Boot.php(104): CodeIgniter\Boot::runCommand(Object(CodeIgniter\CLI\Console))
#12 D:\Dev\Projects\sistem_rme_pendaftaran\spark(84): CodeIgniter\Boot::bootSpark(Object(Config\Paths))
#13 {main}

Next CodeIgniter\Database\Exceptions\DatabaseException: Unknown database 'db_pendaftaran_rme' in D:\Dev\Projects\sistem_rme_pendaftaran\vendor\codeigniter4\framework\system\Database\MySQLi\Connection.php:231
Stack trace:
#0 D:\Dev\Projects\sistem_rme_pendaftaran\vendor\codeigniter4\framework\system\Database\BaseConnection.php(421): CodeIgniter\Database\MySQLi\Connection->connect(false)
#1 D:\Dev\Projects\sistem_rme_pendaftaran\vendor\codeigniter4\framework\system\Database\BaseConnection.php(616): CodeIgniter\Database\BaseConnection->initialize()
#2 D:\Dev\Projects\sistem_rme_pendaftaran\vendor\codeigniter4\framework\system\Database\BaseConnection.php(1485): CodeIgniter\Database\BaseConnection->query('SHOW TABLES FRO...')
#3 D:\Dev\Projects\sistem_rme_pendaftaran\vendor\codeigniter4\framework\system\Database\BaseConnection.php(1505): CodeIgniter\Database\BaseConnection->listTables()
#4 D:\Dev\Projects\sistem_rme_pendaftaran\vendor\codeigniter4\framework\system\Database\MigrationRunner.php(759): CodeIgniter\Database\BaseConnection->tableExists('migrations')
#5 D:\Dev\Projects\sistem_rme_pendaftaran\vendor\codeigniter4\framework\system\Database\MigrationRunner.php(163): CodeIgniter\Database\MigrationRunner->ensureTable()
#6 D:\Dev\Projects\sistem_rme_pendaftaran\vendor\codeigniter4\framework\system\Commands\Database\Migrate.php(85): CodeIgniter\Database\MigrationRunner->latest(NULL)
#7 D:\Dev\Projects\sistem_rme_pendaftaran\vendor\codeigniter4\framework\system\CLI\Commands.php(70): CodeIgniter\Commands\Database\Migrate->run(Array)
#8 D:\Dev\Projects\sistem_rme_pendaftaran\vendor\codeigniter4\framework\system\CLI\Console.php(48): CodeIgniter\CLI\Commands->run('migrate', Array)
#9 D:\Dev\Projects\sistem_rme_pendaftaran\vendor\codeigniter4\framework\system\Boot.php(351): CodeIgniter\CLI\Console->run()
#10 D:\Dev\Projects\sistem_rme_pendaftaran\vendor\codeigniter4\framework\system\Boot.php(104): CodeIgniter\Boot::runCommand(Object(CodeIgniter\CLI\Console))
#11 D:\Dev\Projects\sistem_rme_pendaftaran\spark(84): CodeIgniter\Boot::bootSpark(Object(Config\Paths))
#12 {main}
ERROR - 2024-08-28 12:56:11 --> Error connecting to the database: mysqli_sql_exception: Unknown database 'db_pendaftaran_rme' in D:\Dev\Projects\sistem_rme_pendaftaran\vendor\codeigniter4\framework\system\Database\MySQLi\Connection.php:187
Stack trace:
#0 D:\Dev\Projects\sistem_rme_pendaftaran\vendor\codeigniter4\framework\system\Database\MySQLi\Connection.php(187): mysqli->real_connect('localhost', 'root', '', 'db_pendaftaran_...', 3306, '', 0)
#1 D:\Dev\Projects\sistem_rme_pendaftaran\vendor\codeigniter4\framework\system\Database\BaseConnection.php(421): CodeIgniter\Database\MySQLi\Connection->connect(false)
#2 D:\Dev\Projects\sistem_rme_pendaftaran\vendor\codeigniter4\framework\system\Database\BaseConnection.php(616): CodeIgniter\Database\BaseConnection->initialize()
#3 D:\Dev\Projects\sistem_rme_pendaftaran\vendor\codeigniter4\framework\system\Database\BaseConnection.php(1485): CodeIgniter\Database\BaseConnection->query('SHOW TABLES FRO...')
#4 D:\Dev\Projects\sistem_rme_pendaftaran\vendor\codeigniter4\framework\system\Database\BaseConnection.php(1505): CodeIgniter\Database\BaseConnection->listTables()
#5 D:\Dev\Projects\sistem_rme_pendaftaran\vendor\codeigniter4\framework\system\Database\MigrationRunner.php(759): CodeIgniter\Database\BaseConnection->tableExists('migrations')
#6 D:\Dev\Projects\sistem_rme_pendaftaran\vendor\codeigniter4\framework\system\Database\MigrationRunner.php(163): CodeIgniter\Database\MigrationRunner->ensureTable()
#7 D:\Dev\Projects\sistem_rme_pendaftaran\vendor\codeigniter4\framework\system\Commands\Database\Migrate.php(85): CodeIgniter\Database\MigrationRunner->latest(NULL)
#8 D:\Dev\Projects\sistem_rme_pendaftaran\vendor\codeigniter4\framework\system\CLI\Commands.php(70): CodeIgniter\Commands\Database\Migrate->run(Array)
#9 D:\Dev\Projects\sistem_rme_pendaftaran\vendor\codeigniter4\framework\system\CLI\Console.php(48): CodeIgniter\CLI\Commands->run('migrate', Array)
#10 D:\Dev\Projects\sistem_rme_pendaftaran\vendor\codeigniter4\framework\system\Boot.php(351): CodeIgniter\CLI\Console->run()
#11 D:\Dev\Projects\sistem_rme_pendaftaran\vendor\codeigniter4\framework\system\Boot.php(104): CodeIgniter\Boot::runCommand(Object(CodeIgniter\CLI\Console))
#12 D:\Dev\Projects\sistem_rme_pendaftaran\spark(84): CodeIgniter\Boot::bootSpark(Object(Config\Paths))
#13 {main}

Next CodeIgniter\Database\Exceptions\DatabaseException: Unknown database 'db_pendaftaran_rme' in D:\Dev\Projects\sistem_rme_pendaftaran\vendor\codeigniter4\framework\system\Database\MySQLi\Connection.php:231
Stack trace:
#0 D:\Dev\Projects\sistem_rme_pendaftaran\vendor\codeigniter4\framework\system\Database\BaseConnection.php(421): CodeIgniter\Database\MySQLi\Connection->connect(false)
#1 D:\Dev\Projects\sistem_rme_pendaftaran\vendor\codeigniter4\framework\system\Database\BaseConnection.php(616): CodeIgniter\Database\BaseConnection->initialize()
#2 D:\Dev\Projects\sistem_rme_pendaftaran\vendor\codeigniter4\framework\system\Database\BaseConnection.php(1485): CodeIgniter\Database\BaseConnection->query('SHOW TABLES FRO...')
#3 D:\Dev\Projects\sistem_rme_pendaftaran\vendor\codeigniter4\framework\system\Database\BaseConnection.php(1505): CodeIgniter\Database\BaseConnection->listTables()
#4 D:\Dev\Projects\sistem_rme_pendaftaran\vendor\codeigniter4\framework\system\Database\MigrationRunner.php(759): CodeIgniter\Database\BaseConnection->tableExists('migrations')
#5 D:\Dev\Projects\sistem_rme_pendaftaran\vendor\codeigniter4\framework\system\Database\MigrationRunner.php(163): CodeIgniter\Database\MigrationRunner->ensureTable()
#6 D:\Dev\Projects\sistem_rme_pendaftaran\vendor\codeigniter4\framework\system\Commands\Database\Migrate.php(85): CodeIgniter\Database\MigrationRunner->latest(NULL)
#7 D:\Dev\Projects\sistem_rme_pendaftaran\vendor\codeigniter4\framework\system\CLI\Commands.php(70): CodeIgniter\Commands\Database\Migrate->run(Array)
#8 D:\Dev\Projects\sistem_rme_pendaftaran\vendor\codeigniter4\framework\system\CLI\Console.php(48): CodeIgniter\CLI\Commands->run('migrate', Array)
#9 D:\Dev\Projects\sistem_rme_pendaftaran\vendor\codeigniter4\framework\system\Boot.php(351): CodeIgniter\CLI\Console->run()
#10 D:\Dev\Projects\sistem_rme_pendaftaran\vendor\codeigniter4\framework\system\Boot.php(104): CodeIgniter\Boot::runCommand(Object(CodeIgniter\CLI\Console))
#11 D:\Dev\Projects\sistem_rme_pendaftaran\spark(84): CodeIgniter\Boot::bootSpark(Object(Config\Paths))
#12 {main}
INFO - 2024-08-28 12:58:14 --> Session: Class initialized using 'CodeIgniter\Session\Handlers\FileHandler' driver.
INFO - 2024-08-28 12:58:16 --> Session: Class initialized using 'CodeIgniter\Session\Handlers\FileHandler' driver.
INFO - 2024-08-28 12:58:40 --> Session: Class initialized using 'CodeIgniter\Session\Handlers\FileHandler' driver.
INFO - 2024-08-28 12:58:41 --> Session: Class initialized using 'CodeIgniter\Session\Handlers\FileHandler' driver.
INFO - 2024-08-28 12:59:18 --> Session: Class initialized using 'CodeIgniter\Session\Handlers\FileHandler' driver.
INFO - 2024-08-28 12:59:18 --> Session: Class initialized using 'CodeIgniter\Session\Handlers\FileHandler' driver.
INFO - 2024-08-28 12:59:42 --> Session: Class initialized using 'CodeIgniter\Session\Handlers\FileHandler' driver.
INFO - 2024-08-28 12:59:50 --> Session: Class initialized using 'CodeIgniter\Session\Handlers\FileHandler' driver.
INFO - 2024-08-28 12:59:58 --> Session: Class initialized using 'CodeIgniter\Session\Handlers\FileHandler' driver.
INFO - 2024-08-28 13:00:18 --> Session: Class initialized using 'CodeIgniter\Session\Handlers\FileHandler' driver.
INFO - 2024-08-28 13:00:41 --> Session: Class initialized using 'CodeIgniter\Session\Handlers\FileHandler' driver.
INFO - 2024-08-28 13:04:18 --> Session: Class initialized using 'CodeIgniter\Session\Handlers\FileHandler' driver.
INFO - 2024-08-28 13:04:18 --> Session: Class initialized using 'CodeIgniter\Session\Handlers\FileHandler' driver.
INFO - 2024-08-28 13:07:27 --> Session: Class initialized using 'CodeIgniter\Session\Handlers\FileHandler' driver.
INFO - 2024-08-28 13:10:00 --> Session: Class initialized using 'CodeIgniter\Session\Handlers\FileHandler' driver.
INFO - 2024-08-28 13:10:42 --> Session: Class initialized using 'CodeIgniter\Session\Handlers\FileHandler' driver.
INFO - 2024-08-28 13:10:56 --> Session: Class initialized using 'CodeIgniter\Session\Handlers\FileHandler' driver.
INFO - 2024-08-28 13:11:04 --> Session: Class initialized using 'CodeIgniter\Session\Handlers\FileHandler' driver.
INFO - 2024-08-28 13:11:09 --> Session: Class initialized using 'CodeIgniter\Session\Handlers\FileHandler' driver.
INFO - 2024-08-28 13:11:17 --> Session: Class initialized using 'CodeIgniter\Session\Handlers\FileHandler' driver.
INFO - 2024-08-28 13:11:32 --> Session: Class initialized using 'CodeIgniter\Session\Handlers\FileHandler' driver.
INFO - 2024-08-28 13:11:52 --> Session: Class initialized using 'CodeIgniter\Session\Handlers\FileHandler' driver.
INFO - 2024-08-28 13:11:55 --> Session: Class initialized using 'CodeIgniter\Session\Handlers\FileHandler' driver.
INFO - 2024-08-28 13:12:01 --> Session: Class initialized using 'CodeIgniter\Session\Handlers\FileHandler' driver.
INFO - 2024-08-28 13:12:38 --> Session: Class initialized using 'CodeIgniter\Session\Handlers\FileHandler' driver.
INFO - 2024-08-28 13:12:57 --> Session: Class initialized using 'CodeIgniter\Session\Handlers\FileHandler' driver.
INFO - 2024-08-28 13:13:06 --> Session: Class initialized using 'CodeIgniter\Session\Handlers\FileHandler' driver.
INFO - 2024-08-28 13:13:40 --> Session: Class initialized using 'CodeIgniter\Session\Handlers\FileHandler' driver.
INFO - 2024-08-28 13:13:44 --> Session: Class initialized using 'CodeIgniter\Session\Handlers\FileHandler' driver.
INFO - 2024-08-28 13:14:10 --> Session: Class initialized using 'CodeIgniter\Session\Handlers\FileHandler' driver.
INFO - 2024-08-28 13:14:19 --> Session: Class initialized using 'CodeIgniter\Session\Handlers\FileHandler' driver.
INFO - 2024-08-28 13:14:28 --> Session: Class initialized using 'CodeIgniter\Session\Handlers\FileHandler' driver.
INFO - 2024-08-28 13:14:36 --> Session: Class initialized using 'CodeIgniter\Session\Handlers\FileHandler' driver.
INFO - 2024-08-28 13:14:55 --> Session: Class initialized using 'CodeIgniter\Session\Handlers\FileHandler' driver.
INFO - 2024-08-28 13:15:08 --> Session: Class initialized using 'CodeIgniter\Session\Handlers\FileHandler' driver.
INFO - 2024-08-28 13:15:12 --> Session: Class initialized using 'CodeIgniter\Session\Handlers\FileHandler' driver.
INFO - 2024-08-28 13:15:18 --> Session: Class initialized using 'CodeIgniter\Session\Handlers\FileHandler' driver.
INFO - 2024-08-28 13:15:28 --> Session: Class initialized using 'CodeIgniter\Session\Handlers\FileHandler' driver.
INFO - 2024-08-28 13:15:28 --> Session: Class initialized using 'CodeIgniter\Session\Handlers\FileHandler' driver.
INFO - 2024-08-28 13:15:34 --> Session: Class initialized using 'CodeIgniter\Session\Handlers\FileHandler' driver.
INFO - 2024-08-28 13:15:35 --> Session: Class initialized using 'CodeIgniter\Session\Handlers\FileHandler' driver.
INFO - 2024-08-28 13:15:38 --> Session: Class initialized using 'CodeIgniter\Session\Handlers\FileHandler' driver.
INFO - 2024-08-28 13:16:36 --> Session: Class initialized using 'CodeIgniter\Session\Handlers\FileHandler' driver.
INFO - 2024-08-28 13:16:41 --> Session: Class initialized using 'CodeIgniter\Session\Handlers\FileHandler' driver.
INFO - 2024-08-28 13:16:50 --> Session: Class initialized using 'CodeIgniter\Session\Handlers\FileHandler' driver.
INFO - 2024-08-28 13:17:11 --> Session: Class initialized using 'CodeIgniter\Session\Handlers\FileHandler' driver.
INFO - 2024-08-28 13:17:47 --> Session: Class initialized using 'CodeIgniter\Session\Handlers\FileHandler' driver.
INFO - 2024-08-28 13:18:06 --> Session: Class initialized using 'CodeIgniter\Session\Handlers\FileHandler' driver.
INFO - 2024-08-28 13:19:45 --> Session: Class initialized using 'CodeIgniter\Session\Handlers\FileHandler' driver.
CRITICAL - 2024-08-28 13:40:18 --> Error: Call to undefined method CodeIgniter\Router\RouteCollection::ge()
[Method: GET, Route: /]
in APPPATH\Config\Routes.php on line 14.
 1 SYSTEMPATH\Router\RouteCollection.php(800): CodeIgniter\Router\RouteCollection::{closure}(Object(CodeIgniter\Router\RouteCollection))
 2 APPPATH\Config\Routes.php(24): CodeIgniter\Router\RouteCollection->group('master-data', [...], Object(Closure))
 3 SYSTEMPATH\Router\RouteCollection.php(340): require('D:\\Dev\\Projects\\sistem_rme_pendaftaran\\app\\Config\\Routes.php')
 4 SYSTEMPATH\CodeIgniter.php(823): CodeIgniter\Router\RouteCollection->loadRoutes()
 5 SYSTEMPATH\CodeIgniter.php(457): CodeIgniter\CodeIgniter->tryToRouteIt(null)
 6 SYSTEMPATH\CodeIgniter.php(355): CodeIgniter\CodeIgniter->handleRequest(null, Object(Config\Cache), false)
 7 SYSTEMPATH\Boot.php(325): CodeIgniter\CodeIgniter->run()
 8 SYSTEMPATH\Boot.php(67): CodeIgniter\Boot::runCodeIgniter(Object(CodeIgniter\CodeIgniter))
 9 FCPATH\index.php(56): CodeIgniter\Boot::bootWeb(Object(Config\Paths))
10 SYSTEMPATH\rewrite.php(44): require_once('D:\\Dev\\Projects\\sistem_rme_pendaftaran\\public\\index.php')
CRITICAL - 2024-08-28 13:40:30 --> TypeError: CodeIgniter\Router\RouteCollection::get(): Argument #3 ($options) must be of type ?array, string given, called in D:\Dev\Projects\sistem_rme_pendaftaran\app\Config\Routes.php on line 14
[Method: GET, Route: /]
in SYSTEMPATH\Router\RouteCollection.php on line 1051.
 1 APPPATH\Config\Routes.php(14): CodeIgniter\Router\RouteCollection->get('petugas', 'App\\Controllers\\PetugasController', 'index')
 2 SYSTEMPATH\Router\RouteCollection.php(800): CodeIgniter\Router\RouteCollection::{closure}(Object(CodeIgniter\Router\RouteCollection))
 3 APPPATH\Config\Routes.php(24): CodeIgniter\Router\RouteCollection->group('master-data', [...], Object(Closure))
 4 SYSTEMPATH\Router\RouteCollection.php(340): require('D:\\Dev\\Projects\\sistem_rme_pendaftaran\\app\\Config\\Routes.php')
 5 SYSTEMPATH\CodeIgniter.php(823): CodeIgniter\Router\RouteCollection->loadRoutes()
 6 SYSTEMPATH\CodeIgniter.php(457): CodeIgniter\CodeIgniter->tryToRouteIt(null)
 7 SYSTEMPATH\CodeIgniter.php(355): CodeIgniter\CodeIgniter->handleRequest(null, Object(Config\Cache), false)
 8 SYSTEMPATH\Boot.php(325): CodeIgniter\CodeIgniter->run()
 9 SYSTEMPATH\Boot.php(67): CodeIgniter\Boot::runCodeIgniter(Object(CodeIgniter\CodeIgniter))
10 FCPATH\index.php(56): CodeIgniter\Boot::bootWeb(Object(Config\Paths))
11 SYSTEMPATH\rewrite.php(44): require_once('D:\\Dev\\Projects\\sistem_rme_pendaftaran\\public\\index.php')
INFO - 2024-08-28 13:40:57 --> Session: Class initialized using 'CodeIgniter\Session\Handlers\FileHandler' driver.
ERROR - 2024-08-28 13:41:01 --> Error connecting to the database: mysqli_sql_exception: No connection could be made because the target machine actively refused it in D:\Dev\Projects\sistem_rme_pendaftaran\vendor\codeigniter4\framework\system\Database\MySQLi\Connection.php:187
Stack trace:
#0 D:\Dev\Projects\sistem_rme_pendaftaran\vendor\codeigniter4\framework\system\Database\MySQLi\Connection.php(187): mysqli->real_connect('localhost', 'root', '', 'db_pendaftaran_...', 3306, '', 0)
#1 D:\Dev\Projects\sistem_rme_pendaftaran\vendor\codeigniter4\framework\system\Database\BaseConnection.php(421): CodeIgniter\Database\MySQLi\Connection->connect(false)
#2 D:\Dev\Projects\sistem_rme_pendaftaran\vendor\codeigniter4\framework\system\Database\BaseConnection.php(616): CodeIgniter\Database\BaseConnection->initialize()
#3 D:\Dev\Projects\sistem_rme_pendaftaran\vendor\codeigniter4\framework\system\Database\BaseBuilder.php(1644): CodeIgniter\Database\BaseConnection->query('SELECT *\nFROM `...', Array, false)
#4 D:\Dev\Projects\sistem_rme_pendaftaran\vendor\codeigniter4\framework\system\Model.php(210): CodeIgniter\Database\BaseBuilder->get()
#5 D:\Dev\Projects\sistem_rme_pendaftaran\vendor\codeigniter4\framework\system\BaseModel.php(610): CodeIgniter\Model->doFind(true, '1')
#6 D:\Dev\Projects\sistem_rme_pendaftaran\vendor\myth\auth\src\Authentication\AuthenticationBase.php(130): CodeIgniter\BaseModel->find('1')
#7 D:\Dev\Projects\sistem_rme_pendaftaran\vendor\myth\auth\src\Authentication\LocalAuthenticator.php(67): Myth\Auth\Authentication\AuthenticationBase->isLoggedIn()
#8 D:\Dev\Projects\sistem_rme_pendaftaran\vendor\myth\auth\src\Filters\LoginFilter.php(29): Myth\Auth\Authentication\LocalAuthenticator->check()
#9 D:\Dev\Projects\sistem_rme_pendaftaran\vendor\codeigniter4\framework\system\Filters\Filters.php(205): Myth\Auth\Filters\LoginFilter->before(Object(CodeIgniter\HTTP\IncomingRequest), NULL)
#10 D:\Dev\Projects\sistem_rme_pendaftaran\vendor\codeigniter4\framework\system\Filters\Filters.php(184): CodeIgniter\Filters\Filters->runBefore(Array)
#11 D:\Dev\Projects\sistem_rme_pendaftaran\vendor\codeigniter4\framework\system\CodeIgniter.php(481): CodeIgniter\Filters\Filters->run('', 'before')
#12 D:\Dev\Projects\sistem_rme_pendaftaran\vendor\codeigniter4\framework\system\CodeIgniter.php(355): CodeIgniter\CodeIgniter->handleRequest(NULL, Object(Config\Cache), false)
#13 D:\Dev\Projects\sistem_rme_pendaftaran\vendor\codeigniter4\framework\system\Boot.php(325): CodeIgniter\CodeIgniter->run()
#14 D:\Dev\Projects\sistem_rme_pendaftaran\vendor\codeigniter4\framework\system\Boot.php(67): CodeIgniter\Boot::runCodeIgniter(Object(CodeIgniter\CodeIgniter))
#15 D:\Dev\Projects\sistem_rme_pendaftaran\public\index.php(56): CodeIgniter\Boot::bootWeb(Object(Config\Paths))
#16 D:\Dev\Projects\sistem_rme_pendaftaran\vendor\codeigniter4\framework\system\rewrite.php(44): require_once('D:\\Dev\\Projects...')
#17 {main}

Next CodeIgniter\Database\Exceptions\DatabaseException: No connection could be made because the target machine actively refused it in D:\Dev\Projects\sistem_rme_pendaftaran\vendor\codeigniter4\framework\system\Database\MySQLi\Connection.php:231
Stack trace:
#0 D:\Dev\Projects\sistem_rme_pendaftaran\vendor\codeigniter4\framework\system\Database\BaseConnection.php(421): CodeIgniter\Database\MySQLi\Connection->connect(false)
#1 D:\Dev\Projects\sistem_rme_pendaftaran\vendor\codeigniter4\framework\system\Database\BaseConnection.php(616): CodeIgniter\Database\BaseConnection->initialize()
#2 D:\Dev\Projects\sistem_rme_pendaftaran\vendor\codeigniter4\framework\system\Database\BaseBuilder.php(1644): CodeIgniter\Database\BaseConnection->query('SELECT *\nFROM `...', Array, false)
#3 D:\Dev\Projects\sistem_rme_pendaftaran\vendor\codeigniter4\framework\system\Model.php(210): CodeIgniter\Database\BaseBuilder->get()
#4 D:\Dev\Projects\sistem_rme_pendaftaran\vendor\codeigniter4\framework\system\BaseModel.php(610): CodeIgniter\Model->doFind(true, '1')
#5 D:\Dev\Projects\sistem_rme_pendaftaran\vendor\myth\auth\src\Authentication\AuthenticationBase.php(130): CodeIgniter\BaseModel->find('1')
#6 D:\Dev\Projects\sistem_rme_pendaftaran\vendor\myth\auth\src\Authentication\LocalAuthenticator.php(67): Myth\Auth\Authentication\AuthenticationBase->isLoggedIn()
#7 D:\Dev\Projects\sistem_rme_pendaftaran\vendor\myth\auth\src\Filters\LoginFilter.php(29): Myth\Auth\Authentication\LocalAuthenticator->check()
#8 D:\Dev\Projects\sistem_rme_pendaftaran\vendor\codeigniter4\framework\system\Filters\Filters.php(205): Myth\Auth\Filters\LoginFilter->before(Object(CodeIgniter\HTTP\IncomingRequest), NULL)
#9 D:\Dev\Projects\sistem_rme_pendaftaran\vendor\codeigniter4\framework\system\Filters\Filters.php(184): CodeIgniter\Filters\Filters->runBefore(Array)
#10 D:\Dev\Projects\sistem_rme_pendaftaran\vendor\codeigniter4\framework\system\CodeIgniter.php(481): CodeIgniter\Filters\Filters->run('', 'before')
#11 D:\Dev\Projects\sistem_rme_pendaftaran\vendor\codeigniter4\framework\system\CodeIgniter.php(355): CodeIgniter\CodeIgniter->handleRequest(NULL, Object(Config\Cache), false)
#12 D:\Dev\Projects\sistem_rme_pendaftaran\vendor\codeigniter4\framework\system\Boot.php(325): CodeIgniter\CodeIgniter->run()
#13 D:\Dev\Projects\sistem_rme_pendaftaran\vendor\codeigniter4\framework\system\Boot.php(67): CodeIgniter\Boot::runCodeIgniter(Object(CodeIgniter\CodeIgniter))
#14 D:\Dev\Projects\sistem_rme_pendaftaran\public\index.php(56): CodeIgniter\Boot::bootWeb(Object(Config\Paths))
#15 D:\Dev\Projects\sistem_rme_pendaftaran\vendor\codeigniter4\framework\system\rewrite.php(44): require_once('D:\\Dev\\Projects...')
#16 {main}
CRITICAL - 2024-08-28 13:41:01 --> CodeIgniter\Database\Exceptions\DatabaseException: Unable to connect to the database.
Main connection [MySQLi]: No connection could be made because the target machine actively refused it
[Method: GET, Route: /]
in SYSTEMPATH\Database\BaseConnection.php on line 467.
 1 SYSTEMPATH\Database\BaseConnection.php(616): CodeIgniter\Database\BaseConnection->initialize()
 2 SYSTEMPATH\Database\BaseBuilder.php(1644): CodeIgniter\Database\BaseConnection->query('SELECT *
FROM `users`
WHERE `users`.`deleted_at` IS NULL
AND `users`.`id` = :users.id:', [...], false)
 3 SYSTEMPATH\Model.php(210): CodeIgniter\Database\BaseBuilder->get()
 4 SYSTEMPATH\BaseModel.php(610): CodeIgniter\Model->doFind(true, '1')
 5 VENDORPATH\myth\auth\src\Authentication\AuthenticationBase.php(130): CodeIgniter\BaseModel->find('1')
 6 VENDORPATH\myth\auth\src\Authentication\LocalAuthenticator.php(67): Myth\Auth\Authentication\AuthenticationBase->isLoggedIn()
 7 VENDORPATH\myth\auth\src\Filters\LoginFilter.php(29): Myth\Auth\Authentication\LocalAuthenticator->check()
 8 SYSTEMPATH\Filters\Filters.php(205): Myth\Auth\Filters\LoginFilter->before(Object(CodeIgniter\HTTP\IncomingRequest), null)
 9 SYSTEMPATH\Filters\Filters.php(184): CodeIgniter\Filters\Filters->runBefore([...])
10 SYSTEMPATH\CodeIgniter.php(481): CodeIgniter\Filters\Filters->run('', 'before')
11 SYSTEMPATH\CodeIgniter.php(355): CodeIgniter\CodeIgniter->handleRequest(null, Object(Config\Cache), false)
12 SYSTEMPATH\Boot.php(325): CodeIgniter\CodeIgniter->run()
13 SYSTEMPATH\Boot.php(67): CodeIgniter\Boot::runCodeIgniter(Object(CodeIgniter\CodeIgniter))
14 FCPATH\index.php(56): CodeIgniter\Boot::bootWeb(Object(Config\Paths))
15 SYSTEMPATH\rewrite.php(44): require_once('D:\\Dev\\Projects\\sistem_rme_pendaftaran\\public\\index.php')
INFO - 2024-08-28 13:41:23 --> Session: Class initialized using 'CodeIgniter\Session\Handlers\FileHandler' driver.
CRITICAL - 2024-08-28 13:41:24 --> CodeIgniter\Router\Exceptions\RouterException: The route for "petugas" cannot be found.
[Method: GET, Route: /]
in SYSTEMPATH\Helpers\url_helper.php on line 494.
 1 SYSTEMPATH\Helpers\url_helper.php(494): CodeIgniter\Router\Exceptions\RouterException::forInvalidRoute('petugas')
 2 APPPATH\Views\layouts\components\sidebar.php(26): url_to('petugas')
 3 SYSTEMPATH\View\View.php(234): include('D:\\Dev\\Projects\\sistem_rme_pendaftaran\\app\\Views\\layouts\\components\\sidebar.php')
 4 SYSTEMPATH\View\View.php(237): CodeIgniter\View\View->CodeIgniter\View\{closure}()
 5 SYSTEMPATH\View\View.php(487): CodeIgniter\View\View->render('layouts/components/sidebar', null, true)
 6 APPPATH\Views\layouts\app.php(20): CodeIgniter\View\View->include('layouts/components/sidebar')
 7 SYSTEMPATH\View\View.php(234): include('D:\\Dev\\Projects\\sistem_rme_pendaftaran\\app\\Views\\layouts\\app.php')
 8 SYSTEMPATH\View\View.php(237): CodeIgniter\View\View->CodeIgniter\View\{closure}()
 9 SYSTEMPATH\View\View.php(250): CodeIgniter\View\View->render('layouts/app', [], true)
10 SYSTEMPATH\Common.php(1169): CodeIgniter\View\View->render('dashboard', [], true)
11 APPPATH\Controllers\DashboardController.php(12): view('dashboard')
12 SYSTEMPATH\CodeIgniter.php(933): App\Controllers\DashboardController->index()
13 SYSTEMPATH\CodeIgniter.php(509): CodeIgniter\CodeIgniter->runController(Object(App\Controllers\DashboardController))
14 SYSTEMPATH\CodeIgniter.php(355): CodeIgniter\CodeIgniter->handleRequest(null, Object(Config\Cache), false)
15 SYSTEMPATH\Boot.php(325): CodeIgniter\CodeIgniter->run()
16 SYSTEMPATH\Boot.php(67): CodeIgniter\Boot::runCodeIgniter(Object(CodeIgniter\CodeIgniter))
17 FCPATH\index.php(56): CodeIgniter\Boot::bootWeb(Object(Config\Paths))
18 SYSTEMPATH\rewrite.php(44): require_once('D:\\Dev\\Projects\\sistem_rme_pendaftaran\\public\\index.php')
INFO - 2024-08-28 13:41:26 --> Session: Class initialized using 'CodeIgniter\Session\Handlers\FileHandler' driver.
CRITICAL - 2024-08-28 13:41:26 --> CodeIgniter\Router\Exceptions\RouterException: The route for "petugas" cannot be found.
[Method: GET, Route: /]
in SYSTEMPATH\Helpers\url_helper.php on line 494.
 1 SYSTEMPATH\Helpers\url_helper.php(494): CodeIgniter\Router\Exceptions\RouterException::forInvalidRoute('petugas')
 2 APPPATH\Views\layouts\components\sidebar.php(26): url_to('petugas')
 3 SYSTEMPATH\View\View.php(234): include('D:\\Dev\\Projects\\sistem_rme_pendaftaran\\app\\Views\\layouts\\components\\sidebar.php')
 4 SYSTEMPATH\View\View.php(237): CodeIgniter\View\View->CodeIgniter\View\{closure}()
 5 SYSTEMPATH\View\View.php(487): CodeIgniter\View\View->render('layouts/components/sidebar', null, true)
 6 APPPATH\Views\layouts\app.php(20): CodeIgniter\View\View->include('layouts/components/sidebar')
 7 SYSTEMPATH\View\View.php(234): include('D:\\Dev\\Projects\\sistem_rme_pendaftaran\\app\\Views\\layouts\\app.php')
 8 SYSTEMPATH\View\View.php(237): CodeIgniter\View\View->CodeIgniter\View\{closure}()
 9 SYSTEMPATH\View\View.php(250): CodeIgniter\View\View->render('layouts/app', [], true)
10 SYSTEMPATH\Common.php(1169): CodeIgniter\View\View->render('dashboard', [], true)
11 APPPATH\Controllers\DashboardController.php(12): view('dashboard')
12 SYSTEMPATH\CodeIgniter.php(933): App\Controllers\DashboardController->index()
13 SYSTEMPATH\CodeIgniter.php(509): CodeIgniter\CodeIgniter->runController(Object(App\Controllers\DashboardController))
14 SYSTEMPATH\CodeIgniter.php(355): CodeIgniter\CodeIgniter->handleRequest(null, Object(Config\Cache), false)
15 SYSTEMPATH\Boot.php(325): CodeIgniter\CodeIgniter->run()
16 SYSTEMPATH\Boot.php(67): CodeIgniter\Boot::runCodeIgniter(Object(CodeIgniter\CodeIgniter))
17 FCPATH\index.php(56): CodeIgniter\Boot::bootWeb(Object(Config\Paths))
18 SYSTEMPATH\rewrite.php(44): require_once('D:\\Dev\\Projects\\sistem_rme_pendaftaran\\public\\index.php')
INFO - 2024-08-28 13:42:23 --> Session: Class initialized using 'CodeIgniter\Session\Handlers\FileHandler' driver.
CRITICAL - 2024-08-28 13:42:23 --> CodeIgniter\Router\Exceptions\RouterException: The route for "petugas" cannot be found.
[Method: GET, Route: /]
in SYSTEMPATH\Helpers\url_helper.php on line 494.
 1 SYSTEMPATH\Helpers\url_helper.php(494): CodeIgniter\Router\Exceptions\RouterException::forInvalidRoute('petugas')
 2 APPPATH\Views\layouts\components\sidebar.php(26): url_to('petugas')
 3 SYSTEMPATH\View\View.php(234): include('D:\\Dev\\Projects\\sistem_rme_pendaftaran\\app\\Views\\layouts\\components\\sidebar.php')
 4 SYSTEMPATH\View\View.php(237): CodeIgniter\View\View->CodeIgniter\View\{closure}()
 5 SYSTEMPATH\View\View.php(487): CodeIgniter\View\View->render('layouts/components/sidebar', null, true)
 6 APPPATH\Views\layouts\app.php(20): CodeIgniter\View\View->include('layouts/components/sidebar')
 7 SYSTEMPATH\View\View.php(234): include('D:\\Dev\\Projects\\sistem_rme_pendaftaran\\app\\Views\\layouts\\app.php')
 8 SYSTEMPATH\View\View.php(237): CodeIgniter\View\View->CodeIgniter\View\{closure}()
 9 SYSTEMPATH\View\View.php(250): CodeIgniter\View\View->render('layouts/app', [], true)
10 SYSTEMPATH\Common.php(1169): CodeIgniter\View\View->render('dashboard', [], true)
11 APPPATH\Controllers\DashboardController.php(12): view('dashboard')
12 SYSTEMPATH\CodeIgniter.php(933): App\Controllers\DashboardController->index()
13 SYSTEMPATH\CodeIgniter.php(509): CodeIgniter\CodeIgniter->runController(Object(App\Controllers\DashboardController))
14 SYSTEMPATH\CodeIgniter.php(355): CodeIgniter\CodeIgniter->handleRequest(null, Object(Config\Cache), false)
15 SYSTEMPATH\Boot.php(325): CodeIgniter\CodeIgniter->run()
16 SYSTEMPATH\Boot.php(67): CodeIgniter\Boot::runCodeIgniter(Object(CodeIgniter\CodeIgniter))
17 FCPATH\index.php(56): CodeIgniter\Boot::bootWeb(Object(Config\Paths))
18 SYSTEMPATH\rewrite.php(44): require_once('D:\\Dev\\Projects\\sistem_rme_pendaftaran\\public\\index.php')
INFO - 2024-08-28 13:42:24 --> Session: Class initialized using 'CodeIgniter\Session\Handlers\FileHandler' driver.
CRITICAL - 2024-08-28 13:42:24 --> CodeIgniter\Router\Exceptions\RouterException: The route for "petugas" cannot be found.
[Method: GET, Route: /]
in SYSTEMPATH\Helpers\url_helper.php on line 494.
 1 SYSTEMPATH\Helpers\url_helper.php(494): CodeIgniter\Router\Exceptions\RouterException::forInvalidRoute('petugas')
 2 APPPATH\Views\layouts\components\sidebar.php(26): url_to('petugas')
 3 SYSTEMPATH\View\View.php(234): include('D:\\Dev\\Projects\\sistem_rme_pendaftaran\\app\\Views\\layouts\\components\\sidebar.php')
 4 SYSTEMPATH\View\View.php(237): CodeIgniter\View\View->CodeIgniter\View\{closure}()
 5 SYSTEMPATH\View\View.php(487): CodeIgniter\View\View->render('layouts/components/sidebar', null, true)
 6 APPPATH\Views\layouts\app.php(20): CodeIgniter\View\View->include('layouts/components/sidebar')
 7 SYSTEMPATH\View\View.php(234): include('D:\\Dev\\Projects\\sistem_rme_pendaftaran\\app\\Views\\layouts\\app.php')
 8 SYSTEMPATH\View\View.php(237): CodeIgniter\View\View->CodeIgniter\View\{closure}()
 9 SYSTEMPATH\View\View.php(250): CodeIgniter\View\View->render('layouts/app', [], true)
10 SYSTEMPATH\Common.php(1169): CodeIgniter\View\View->render('dashboard', [], true)
11 APPPATH\Controllers\DashboardController.php(12): view('dashboard')
12 SYSTEMPATH\CodeIgniter.php(933): App\Controllers\DashboardController->index()
13 SYSTEMPATH\CodeIgniter.php(509): CodeIgniter\CodeIgniter->runController(Object(App\Controllers\DashboardController))
14 SYSTEMPATH\CodeIgniter.php(355): CodeIgniter\CodeIgniter->handleRequest(null, Object(Config\Cache), false)
15 SYSTEMPATH\Boot.php(325): CodeIgniter\CodeIgniter->run()
16 SYSTEMPATH\Boot.php(67): CodeIgniter\Boot::runCodeIgniter(Object(CodeIgniter\CodeIgniter))
17 FCPATH\index.php(56): CodeIgniter\Boot::bootWeb(Object(Config\Paths))
18 SYSTEMPATH\rewrite.php(44): require_once('D:\\Dev\\Projects\\sistem_rme_pendaftaran\\public\\index.php')
INFO - 2024-08-28 13:42:43 --> Session: Class initialized using 'CodeIgniter\Session\Handlers\FileHandler' driver.
CRITICAL - 2024-08-28 13:42:43 --> CodeIgniter\Router\Exceptions\RouterException: The route for "petugas.index" cannot be found.
[Method: GET, Route: /]
in SYSTEMPATH\Helpers\url_helper.php on line 494.
 1 SYSTEMPATH\Helpers\url_helper.php(494): CodeIgniter\Router\Exceptions\RouterException::forInvalidRoute('petugas.index')
 2 APPPATH\Views\layouts\components\sidebar.php(26): url_to('petugas.index')
 3 SYSTEMPATH\View\View.php(234): include('D:\\Dev\\Projects\\sistem_rme_pendaftaran\\app\\Views\\layouts\\components\\sidebar.php')
 4 SYSTEMPATH\View\View.php(237): CodeIgniter\View\View->CodeIgniter\View\{closure}()
 5 SYSTEMPATH\View\View.php(487): CodeIgniter\View\View->render('layouts/components/sidebar', null, true)
 6 APPPATH\Views\layouts\app.php(20): CodeIgniter\View\View->include('layouts/components/sidebar')
 7 SYSTEMPATH\View\View.php(234): include('D:\\Dev\\Projects\\sistem_rme_pendaftaran\\app\\Views\\layouts\\app.php')
 8 SYSTEMPATH\View\View.php(237): CodeIgniter\View\View->CodeIgniter\View\{closure}()
 9 SYSTEMPATH\View\View.php(250): CodeIgniter\View\View->render('layouts/app', [], true)
10 SYSTEMPATH\Common.php(1169): CodeIgniter\View\View->render('dashboard', [], true)
11 APPPATH\Controllers\DashboardController.php(12): view('dashboard')
12 SYSTEMPATH\CodeIgniter.php(933): App\Controllers\DashboardController->index()
13 SYSTEMPATH\CodeIgniter.php(509): CodeIgniter\CodeIgniter->runController(Object(App\Controllers\DashboardController))
14 SYSTEMPATH\CodeIgniter.php(355): CodeIgniter\CodeIgniter->handleRequest(null, Object(Config\Cache), false)
15 SYSTEMPATH\Boot.php(325): CodeIgniter\CodeIgniter->run()
16 SYSTEMPATH\Boot.php(67): CodeIgniter\Boot::runCodeIgniter(Object(CodeIgniter\CodeIgniter))
17 FCPATH\index.php(56): CodeIgniter\Boot::bootWeb(Object(Config\Paths))
18 SYSTEMPATH\rewrite.php(44): require_once('D:\\Dev\\Projects\\sistem_rme_pendaftaran\\public\\index.php')
INFO - 2024-08-28 13:42:44 --> Session: Class initialized using 'CodeIgniter\Session\Handlers\FileHandler' driver.
CRITICAL - 2024-08-28 13:42:44 --> CodeIgniter\Router\Exceptions\RouterException: The route for "petugas.index" cannot be found.
[Method: GET, Route: /]
in SYSTEMPATH\Helpers\url_helper.php on line 494.
 1 SYSTEMPATH\Helpers\url_helper.php(494): CodeIgniter\Router\Exceptions\RouterException::forInvalidRoute('petugas.index')
 2 APPPATH\Views\layouts\components\sidebar.php(26): url_to('petugas.index')
 3 SYSTEMPATH\View\View.php(234): include('D:\\Dev\\Projects\\sistem_rme_pendaftaran\\app\\Views\\layouts\\components\\sidebar.php')
 4 SYSTEMPATH\View\View.php(237): CodeIgniter\View\View->CodeIgniter\View\{closure}()
 5 SYSTEMPATH\View\View.php(487): CodeIgniter\View\View->render('layouts/components/sidebar', null, true)
 6 APPPATH\Views\layouts\app.php(20): CodeIgniter\View\View->include('layouts/components/sidebar')
 7 SYSTEMPATH\View\View.php(234): include('D:\\Dev\\Projects\\sistem_rme_pendaftaran\\app\\Views\\layouts\\app.php')
 8 SYSTEMPATH\View\View.php(237): CodeIgniter\View\View->CodeIgniter\View\{closure}()
 9 SYSTEMPATH\View\View.php(250): CodeIgniter\View\View->render('layouts/app', [], true)
10 SYSTEMPATH\Common.php(1169): CodeIgniter\View\View->render('dashboard', [], true)
11 APPPATH\Controllers\DashboardController.php(12): view('dashboard')
12 SYSTEMPATH\CodeIgniter.php(933): App\Controllers\DashboardController->index()
13 SYSTEMPATH\CodeIgniter.php(509): CodeIgniter\CodeIgniter->runController(Object(App\Controllers\DashboardController))
14 SYSTEMPATH\CodeIgniter.php(355): CodeIgniter\CodeIgniter->handleRequest(null, Object(Config\Cache), false)
15 SYSTEMPATH\Boot.php(325): CodeIgniter\CodeIgniter->run()
16 SYSTEMPATH\Boot.php(67): CodeIgniter\Boot::runCodeIgniter(Object(CodeIgniter\CodeIgniter))
17 FCPATH\index.php(56): CodeIgniter\Boot::bootWeb(Object(Config\Paths))
18 SYSTEMPATH\rewrite.php(44): require_once('D:\\Dev\\Projects\\sistem_rme_pendaftaran\\public\\index.php')
INFO - 2024-08-28 13:42:44 --> Session: Class initialized using 'CodeIgniter\Session\Handlers\FileHandler' driver.
CRITICAL - 2024-08-28 13:42:44 --> CodeIgniter\Router\Exceptions\RouterException: The route for "petugas.index" cannot be found.
[Method: GET, Route: /]
in SYSTEMPATH\Helpers\url_helper.php on line 494.
 1 SYSTEMPATH\Helpers\url_helper.php(494): CodeIgniter\Router\Exceptions\RouterException::forInvalidRoute('petugas.index')
 2 APPPATH\Views\layouts\components\sidebar.php(26): url_to('petugas.index')
 3 SYSTEMPATH\View\View.php(234): include('D:\\Dev\\Projects\\sistem_rme_pendaftaran\\app\\Views\\layouts\\components\\sidebar.php')
 4 SYSTEMPATH\View\View.php(237): CodeIgniter\View\View->CodeIgniter\View\{closure}()
 5 SYSTEMPATH\View\View.php(487): CodeIgniter\View\View->render('layouts/components/sidebar', null, true)
 6 APPPATH\Views\layouts\app.php(20): CodeIgniter\View\View->include('layouts/components/sidebar')
 7 SYSTEMPATH\View\View.php(234): include('D:\\Dev\\Projects\\sistem_rme_pendaftaran\\app\\Views\\layouts\\app.php')
 8 SYSTEMPATH\View\View.php(237): CodeIgniter\View\View->CodeIgniter\View\{closure}()
 9 SYSTEMPATH\View\View.php(250): CodeIgniter\View\View->render('layouts/app', [], true)
10 SYSTEMPATH\Common.php(1169): CodeIgniter\View\View->render('dashboard', [], true)
11 APPPATH\Controllers\DashboardController.php(12): view('dashboard')
12 SYSTEMPATH\CodeIgniter.php(933): App\Controllers\DashboardController->index()
13 SYSTEMPATH\CodeIgniter.php(509): CodeIgniter\CodeIgniter->runController(Object(App\Controllers\DashboardController))
14 SYSTEMPATH\CodeIgniter.php(355): CodeIgniter\CodeIgniter->handleRequest(null, Object(Config\Cache), false)
15 SYSTEMPATH\Boot.php(325): CodeIgniter\CodeIgniter->run()
16 SYSTEMPATH\Boot.php(67): CodeIgniter\Boot::runCodeIgniter(Object(CodeIgniter\CodeIgniter))
17 FCPATH\index.php(56): CodeIgniter\Boot::bootWeb(Object(Config\Paths))
18 SYSTEMPATH\rewrite.php(44): require_once('D:\\Dev\\Projects\\sistem_rme_pendaftaran\\public\\index.php')
INFO - 2024-08-28 13:42:44 --> Session: Class initialized using 'CodeIgniter\Session\Handlers\FileHandler' driver.
CRITICAL - 2024-08-28 13:42:44 --> CodeIgniter\Router\Exceptions\RouterException: The route for "petugas.index" cannot be found.
[Method: GET, Route: /]
in SYSTEMPATH\Helpers\url_helper.php on line 494.
 1 SYSTEMPATH\Helpers\url_helper.php(494): CodeIgniter\Router\Exceptions\RouterException::forInvalidRoute('petugas.index')
 2 APPPATH\Views\layouts\components\sidebar.php(26): url_to('petugas.index')
 3 SYSTEMPATH\View\View.php(234): include('D:\\Dev\\Projects\\sistem_rme_pendaftaran\\app\\Views\\layouts\\components\\sidebar.php')
 4 SYSTEMPATH\View\View.php(237): CodeIgniter\View\View->CodeIgniter\View\{closure}()
 5 SYSTEMPATH\View\View.php(487): CodeIgniter\View\View->render('layouts/components/sidebar', null, true)
 6 APPPATH\Views\layouts\app.php(20): CodeIgniter\View\View->include('layouts/components/sidebar')
 7 SYSTEMPATH\View\View.php(234): include('D:\\Dev\\Projects\\sistem_rme_pendaftaran\\app\\Views\\layouts\\app.php')
 8 SYSTEMPATH\View\View.php(237): CodeIgniter\View\View->CodeIgniter\View\{closure}()
 9 SYSTEMPATH\View\View.php(250): CodeIgniter\View\View->render('layouts/app', [], true)
10 SYSTEMPATH\Common.php(1169): CodeIgniter\View\View->render('dashboard', [], true)
11 APPPATH\Controllers\DashboardController.php(12): view('dashboard')
12 SYSTEMPATH\CodeIgniter.php(933): App\Controllers\DashboardController->index()
13 SYSTEMPATH\CodeIgniter.php(509): CodeIgniter\CodeIgniter->runController(Object(App\Controllers\DashboardController))
14 SYSTEMPATH\CodeIgniter.php(355): CodeIgniter\CodeIgniter->handleRequest(null, Object(Config\Cache), false)
15 SYSTEMPATH\Boot.php(325): CodeIgniter\CodeIgniter->run()
16 SYSTEMPATH\Boot.php(67): CodeIgniter\Boot::runCodeIgniter(Object(CodeIgniter\CodeIgniter))
17 FCPATH\index.php(56): CodeIgniter\Boot::bootWeb(Object(Config\Paths))
18 SYSTEMPATH\rewrite.php(44): require_once('D:\\Dev\\Projects\\sistem_rme_pendaftaran\\public\\index.php')
INFO - 2024-08-28 13:42:44 --> Session: Class initialized using 'CodeIgniter\Session\Handlers\FileHandler' driver.
CRITICAL - 2024-08-28 13:42:44 --> CodeIgniter\Router\Exceptions\RouterException: The route for "petugas.index" cannot be found.
[Method: GET, Route: /]
in SYSTEMPATH\Helpers\url_helper.php on line 494.
 1 SYSTEMPATH\Helpers\url_helper.php(494): CodeIgniter\Router\Exceptions\RouterException::forInvalidRoute('petugas.index')
 2 APPPATH\Views\layouts\components\sidebar.php(26): url_to('petugas.index')
 3 SYSTEMPATH\View\View.php(234): include('D:\\Dev\\Projects\\sistem_rme_pendaftaran\\app\\Views\\layouts\\components\\sidebar.php')
 4 SYSTEMPATH\View\View.php(237): CodeIgniter\View\View->CodeIgniter\View\{closure}()
 5 SYSTEMPATH\View\View.php(487): CodeIgniter\View\View->render('layouts/components/sidebar', null, true)
 6 APPPATH\Views\layouts\app.php(20): CodeIgniter\View\View->include('layouts/components/sidebar')
 7 SYSTEMPATH\View\View.php(234): include('D:\\Dev\\Projects\\sistem_rme_pendaftaran\\app\\Views\\layouts\\app.php')
 8 SYSTEMPATH\View\View.php(237): CodeIgniter\View\View->CodeIgniter\View\{closure}()
 9 SYSTEMPATH\View\View.php(250): CodeIgniter\View\View->render('layouts/app', [], true)
10 SYSTEMPATH\Common.php(1169): CodeIgniter\View\View->render('dashboard', [], true)
11 APPPATH\Controllers\DashboardController.php(12): view('dashboard')
12 SYSTEMPATH\CodeIgniter.php(933): App\Controllers\DashboardController->index()
13 SYSTEMPATH\CodeIgniter.php(509): CodeIgniter\CodeIgniter->runController(Object(App\Controllers\DashboardController))
14 SYSTEMPATH\CodeIgniter.php(355): CodeIgniter\CodeIgniter->handleRequest(null, Object(Config\Cache), false)
15 SYSTEMPATH\Boot.php(325): CodeIgniter\CodeIgniter->run()
16 SYSTEMPATH\Boot.php(67): CodeIgniter\Boot::runCodeIgniter(Object(CodeIgniter\CodeIgniter))
17 FCPATH\index.php(56): CodeIgniter\Boot::bootWeb(Object(Config\Paths))
18 SYSTEMPATH\rewrite.php(44): require_once('D:\\Dev\\Projects\\sistem_rme_pendaftaran\\public\\index.php')
INFO - 2024-08-28 13:42:45 --> Session: Class initialized using 'CodeIgniter\Session\Handlers\FileHandler' driver.
CRITICAL - 2024-08-28 13:42:45 --> CodeIgniter\Router\Exceptions\RouterException: The route for "petugas.index" cannot be found.
[Method: GET, Route: /]
in SYSTEMPATH\Helpers\url_helper.php on line 494.
 1 SYSTEMPATH\Helpers\url_helper.php(494): CodeIgniter\Router\Exceptions\RouterException::forInvalidRoute('petugas.index')
 2 APPPATH\Views\layouts\components\sidebar.php(26): url_to('petugas.index')
 3 SYSTEMPATH\View\View.php(234): include('D:\\Dev\\Projects\\sistem_rme_pendaftaran\\app\\Views\\layouts\\components\\sidebar.php')
 4 SYSTEMPATH\View\View.php(237): CodeIgniter\View\View->CodeIgniter\View\{closure}()
 5 SYSTEMPATH\View\View.php(487): CodeIgniter\View\View->render('layouts/components/sidebar', null, true)
 6 APPPATH\Views\layouts\app.php(20): CodeIgniter\View\View->include('layouts/components/sidebar')
 7 SYSTEMPATH\View\View.php(234): include('D:\\Dev\\Projects\\sistem_rme_pendaftaran\\app\\Views\\layouts\\app.php')
 8 SYSTEMPATH\View\View.php(237): CodeIgniter\View\View->CodeIgniter\View\{closure}()
 9 SYSTEMPATH\View\View.php(250): CodeIgniter\View\View->render('layouts/app', [], true)
10 SYSTEMPATH\Common.php(1169): CodeIgniter\View\View->render('dashboard', [], true)
11 APPPATH\Controllers\DashboardController.php(12): view('dashboard')
12 SYSTEMPATH\CodeIgniter.php(933): App\Controllers\DashboardController->index()
13 SYSTEMPATH\CodeIgniter.php(509): CodeIgniter\CodeIgniter->runController(Object(App\Controllers\DashboardController))
14 SYSTEMPATH\CodeIgniter.php(355): CodeIgniter\CodeIgniter->handleRequest(null, Object(Config\Cache), false)
15 SYSTEMPATH\Boot.php(325): CodeIgniter\CodeIgniter->run()
16 SYSTEMPATH\Boot.php(67): CodeIgniter\Boot::runCodeIgniter(Object(CodeIgniter\CodeIgniter))
17 FCPATH\index.php(56): CodeIgniter\Boot::bootWeb(Object(Config\Paths))
18 SYSTEMPATH\rewrite.php(44): require_once('D:\\Dev\\Projects\\sistem_rme_pendaftaran\\public\\index.php')
INFO - 2024-08-28 13:43:20 --> Session: Class initialized using 'CodeIgniter\Session\Handlers\FileHandler' driver.
CRITICAL - 2024-08-28 13:43:20 --> CodeIgniter\Router\Exceptions\RouterException: The route for "petugas" cannot be found.
[Method: GET, Route: /]
in SYSTEMPATH\Helpers\url_helper.php on line 494.
 1 SYSTEMPATH\Helpers\url_helper.php(494): CodeIgniter\Router\Exceptions\RouterException::forInvalidRoute('petugas')
 2 APPPATH\Views\layouts\components\sidebar.php(26): url_to('petugas')
 3 SYSTEMPATH\View\View.php(234): include('D:\\Dev\\Projects\\sistem_rme_pendaftaran\\app\\Views\\layouts\\components\\sidebar.php')
 4 SYSTEMPATH\View\View.php(237): CodeIgniter\View\View->CodeIgniter\View\{closure}()
 5 SYSTEMPATH\View\View.php(487): CodeIgniter\View\View->render('layouts/components/sidebar', null, true)
 6 APPPATH\Views\layouts\app.php(20): CodeIgniter\View\View->include('layouts/components/sidebar')
 7 SYSTEMPATH\View\View.php(234): include('D:\\Dev\\Projects\\sistem_rme_pendaftaran\\app\\Views\\layouts\\app.php')
 8 SYSTEMPATH\View\View.php(237): CodeIgniter\View\View->CodeIgniter\View\{closure}()
 9 SYSTEMPATH\View\View.php(250): CodeIgniter\View\View->render('layouts/app', [], true)
10 SYSTEMPATH\Common.php(1169): CodeIgniter\View\View->render('dashboard', [], true)
11 APPPATH\Controllers\DashboardController.php(12): view('dashboard')
12 SYSTEMPATH\CodeIgniter.php(933): App\Controllers\DashboardController->index()
13 SYSTEMPATH\CodeIgniter.php(509): CodeIgniter\CodeIgniter->runController(Object(App\Controllers\DashboardController))
14 SYSTEMPATH\CodeIgniter.php(355): CodeIgniter\CodeIgniter->handleRequest(null, Object(Config\Cache), false)
15 SYSTEMPATH\Boot.php(325): CodeIgniter\CodeIgniter->run()
16 SYSTEMPATH\Boot.php(67): CodeIgniter\Boot::runCodeIgniter(Object(CodeIgniter\CodeIgniter))
17 FCPATH\index.php(56): CodeIgniter\Boot::bootWeb(Object(Config\Paths))
18 SYSTEMPATH\rewrite.php(44): require_once('D:\\Dev\\Projects\\sistem_rme_pendaftaran\\public\\index.php')
INFO - 2024-08-28 21:00:25 --> Session: Class initialized using 'CodeIgniter\Session\Handlers\FileHandler' driver.
INFO - 2024-08-28 21:00:42 --> Session: Class initialized using 'CodeIgniter\Session\Handlers\FileHandler' driver.
INFO - 2024-08-28 21:00:43 --> Session: Class initialized using 'CodeIgniter\Session\Handlers\FileHandler' driver.
CRITICAL - 2024-08-28 21:00:43 --> CodeIgniter\Router\Exceptions\RouterException: The route for "petugas" cannot be found.
[Method: GET, Route: /]
in SYSTEMPATH\Helpers\url_helper.php on line 494.
 1 SYSTEMPATH\Helpers\url_helper.php(494): CodeIgniter\Router\Exceptions\RouterException::forInvalidRoute('petugas')
 2 APPPATH\Views\layouts\components\sidebar.php(26): url_to('petugas')
 3 SYSTEMPATH\View\View.php(234): include('D:\\Dev\\Projects\\sistem_rme_pendaftaran\\app\\Views\\layouts\\components\\sidebar.php')
 4 SYSTEMPATH\View\View.php(237): CodeIgniter\View\View->CodeIgniter\View\{closure}()
 5 SYSTEMPATH\View\View.php(487): CodeIgniter\View\View->render('layouts/components/sidebar', null, true)
 6 APPPATH\Views\layouts\app.php(20): CodeIgniter\View\View->include('layouts/components/sidebar')
 7 SYSTEMPATH\View\View.php(234): include('D:\\Dev\\Projects\\sistem_rme_pendaftaran\\app\\Views\\layouts\\app.php')
 8 SYSTEMPATH\View\View.php(237): CodeIgniter\View\View->CodeIgniter\View\{closure}()
 9 SYSTEMPATH\View\View.php(250): CodeIgniter\View\View->render('layouts/app', [], true)
10 SYSTEMPATH\Common.php(1169): CodeIgniter\View\View->render('dashboard', [], true)
11 APPPATH\Controllers\DashboardController.php(12): view('dashboard')
12 SYSTEMPATH\CodeIgniter.php(933): App\Controllers\DashboardController->index()
13 SYSTEMPATH\CodeIgniter.php(509): CodeIgniter\CodeIgniter->runController(Object(App\Controllers\DashboardController))
14 SYSTEMPATH\CodeIgniter.php(355): CodeIgniter\CodeIgniter->handleRequest(null, Object(Config\Cache), false)
15 SYSTEMPATH\Boot.php(325): CodeIgniter\CodeIgniter->run()
16 SYSTEMPATH\Boot.php(67): CodeIgniter\Boot::runCodeIgniter(Object(CodeIgniter\CodeIgniter))
17 FCPATH\index.php(56): CodeIgniter\Boot::bootWeb(Object(Config\Paths))
18 SYSTEMPATH\rewrite.php(44): require_once('D:\\Dev\\Projects\\sistem_rme_pendaftaran\\public\\index.php')
